{"level":"INFO","time":"2026-05-14T14:45:32.916+0800","msg":"[platform] Init node nodeId:1,nodeType:backend,environment:local,channelId:1"}
{"level":"INFO","time":"2026-05-14T14:45:32.916+0800","msg":"[platform] Boot http platform config:{\n  \"Address\": \":8082\",\n  \"ReadTimeoutMs\": 10000000000,\n  \"WriteTimeoutMs\": 10000000000,\n  \"IdleTimeoutMs\": 10000000000,\n  \"MaxBodySize\": 1048576\n}"}
{"level":"INFO","time":"2026-05-14T14:45:32.916+0800","msg":"[platform] Init server db config:{\n  \"Dsn\": \"root:123456@tcp(127.0.0.1:3306)/server?charset=utf8mb4\\u0026parseTime=True\\u0026loc=Local\",\n  \"MaxIdleConnections\": 10,\n  \"MaxOpenConnections\": 100,\n  \"MaxLifetime\": 10000000000\n}"}
{"level":"INFO","time":"2026-05-14T14:46:30.214+0800","msg":"[platform] Init node nodeId:1,nodeType:backend,environment:local,channelId:1"}
{"level":"INFO","time":"2026-05-14T14:46:30.222+0800","msg":"[platform] Boot http platform config:{\n  \"Address\": \":8082\",\n  \"ReadTimeoutMs\": 10000000000,\n  \"WriteTimeoutMs\": 10000000000,\n  \"IdleTimeoutMs\": 10000000000,\n  \"MaxBodySize\": 1048576\n}"}
{"level":"INFO","time":"2026-05-14T14:46:30.223+0800","msg":"[platform] Init server db config:{\n  \"Dsn\": \"root:123456@tcp(127.0.0.1:3306)/server?charset=utf8mb4\\u0026parseTime=True\\u0026loc=Local\",\n  \"MaxIdleConnections\": 10,\n  \"MaxOpenConnections\": 100,\n  \"MaxLifetime\": 10000000000\n}"}
{"level":"INFO","time":"2026-05-14T14:47:33.316+0800","msg":"[platform] Init node nodeId:1,nodeType:backend,environment:local,channelId:1"}
{"level":"INFO","time":"2026-05-14T14:47:33.317+0800","msg":"[platform] Boot http platform config:{\n  \"Address\": \":8082\",\n  \"ReadTimeoutMs\": 10000000000,\n  \"WriteTimeoutMs\": 10000000000,\n  \"IdleTimeoutMs\": 10000000000,\n  \"MaxBodySize\": 1048576\n}"}
{"level":"INFO","time":"2026-05-14T14:47:33.317+0800","msg":"[platform] Init server db config:{\n  \"Dsn\": \"root:123456@tcp(127.0.0.1:3306)/server?charset=utf8mb4\\u0026parseTime=True\\u0026loc=Local\",\n  \"MaxIdleConnections\": 10,\n  \"MaxOpenConnections\": 100,\n  \"MaxLifetime\": 10000000000\n}"}
{"level":"INFO","time":"2026-05-14T15:07:59.074+0800","msg":"[platform] Init game db config:{\n  \"Dsn\": \"root:123456@tcp(127.0.0.1:3306)/game?charset=utf8mb4\\u0026parseTime=True\\u0026loc=Local\",\n  \"MaxIdleConnections\": 10,\n  \"MaxOpenConnections\": 100,\n  \"MaxLifetime\": 10000000000\n}"}
{"level":"INFO","time":"2026-05-14T15:07:59.082+0800","msg":"[platform] Init redis db config:{\n  \"Addr\": \"127.0.0.1:6379\",\n  \"DB\": 0,\n  \"PoolSize\": 10,\n  \"Password\": \"\"\n}"}
{"level":"INFO","time":"2026-05-14T15:07:59.084+0800","msg":"[gameConfig] load config: mailSender"}
{"level":"INFO","time":"2026-05-14T15:07:59.084+0800","msg":"[gameConfig] load config: pass"}
{"level":"INFO","time":"2026-05-14T15:07:59.086+0800","msg":"[gameConfig] load config: role"}
{"level":"INFO","time":"2026-05-14T15:07:59.087+0800","msg":"[gameConfig] load config: scene"}
{"level":"INFO","time":"2026-05-14T15:07:59.087+0800","msg":"[gameConfig] load config: accessory"}
{"level":"INFO","time":"2026-05-14T15:07:59.091+0800","msg":"[gameConfig] load config: activity"}
{"level":"INFO","time":"2026-05-14T15:07:59.092+0800","msg":"[gameConfig] load config: bounty"}
{"level":"INFO","time":"2026-05-14T15:07:59.092+0800","msg":"[gameConfig] load config: constant"}
{"level":"INFO","time":"2026-05-14T15:07:59.093+0800","msg":"[gameConfig] load config: gloryArena"}
{"level":"INFO","time":"2026-05-14T15:07:59.093+0800","msg":"[gameConfig] load config: stage"}
{"level":"INFO","time":"2026-05-14T15:07:59.172+0800","msg":"[gameConfig] load config: stillShop"}
{"level":"INFO","time":"2026-05-14T15:07:59.175+0800","msg":"[gameConfig] load config: task"}
{"level":"INFO","time":"2026-05-14T15:07:59.182+0800","msg":"[gameConfig] load config: avatar"}
{"level":"INFO","time":"2026-05-14T15:07:59.185+0800","msg":"[gameConfig] load config: daySign"}
{"level":"INFO","time":"2026-05-14T15:07:59.185+0800","msg":"[gameConfig] load config: drop"}
{"level":"INFO","time":"2026-05-14T15:07:59.199+0800","msg":"[gameConfig] load config: rank"}
{"level":"INFO","time":"2026-05-14T15:07:59.199+0800","msg":"[gameConfig] load config: systemUnlock"}
{"level":"INFO","time":"2026-05-14T15:07:59.200+0800","msg":"[gameConfig] load config: adventure"}
{"level":"INFO","time":"2026-05-14T15:07:59.200+0800","msg":"[gameConfig] load config: base"}
{"level":"INFO","time":"2026-05-14T15:07:59.200+0800","msg":"[gameConfig] load config: loopBox"}
{"level":"INFO","time":"2026-05-14T15:07:59.200+0800","msg":"[gameConfig] load config: lottery"}
{"level":"INFO","time":"2026-05-14T15:07:59.200+0800","msg":"[gameConfig] load config: monster"}
{"level":"INFO","time":"2026-05-14T15:07:59.292+0800","msg":"[gameConfig] load config: sect"}
{"level":"INFO","time":"2026-05-14T15:07:59.292+0800","msg":"[gameConfig] load config: city"}
{"level":"INFO","time":"2026-05-14T15:07:59.305+0800","msg":"[gameConfig] load config: cityDispatch"}
{"level":"INFO","time":"2026-05-14T15:07:59.305+0800","msg":"[gameConfig] load config: cityMonster"}
{"level":"INFO","time":"2026-05-14T15:07:59.306+0800","msg":"[gameConfig] load config: collection"}
{"level":"INFO","time":"2026-05-14T15:07:59.314+0800","msg":"[gameConfig] load config: idle"}
{"level":"INFO","time":"2026-05-14T15:07:59.315+0800","msg":"[gameConfig] load config: unlock"}
{"level":"INFO","time":"2026-05-14T15:07:59.317+0800","msg":"[gameConfig] load config: exchange"}
{"level":"INFO","time":"2026-05-14T15:07:59.318+0800","msg":"[gameConfig] load config: limitedAdChest"}
{"level":"INFO","time":"2026-05-14T15:07:59.318+0800","msg":"[gameConfig] load config: mailContent"}
{"level":"INFO","time":"2026-05-14T15:07:59.319+0800","msg":"[gameConfig] load config: privilegeReward"}
{"level":"INFO","time":"2026-05-14T15:07:59.319+0800","msg":"[gameConfig] load config: product"}
{"level":"INFO","time":"2026-05-14T15:07:59.320+0800","msg":"[gameConfig] load config: tokenShop"}
{"level":"INFO","time":"2026-05-14T15:07:59.321+0800","msg":"[gameConfig] load config: trial"}
{"level":"INFO","time":"2026-05-14T15:07:59.321+0800","msg":"[gameConfig] load config: act"}
{"level":"INFO","time":"2026-05-14T15:07:59.323+0800","msg":"[gameConfig] load config: arena"}
{"level":"INFO","time":"2026-05-14T15:07:59.324+0800","msg":"[gameConfig] load config: attrBuff"}
{"level":"INFO","time":"2026-05-14T15:07:59.325+0800","msg":"[gameConfig] load config: dungeon"}
{"level":"INFO","time":"2026-05-14T15:07:59.331+0800","msg":"[gameConfig] load config: equipment"}
{"level":"INFO","time":"2026-05-14T15:07:59.416+0800","msg":"[gameConfig] load config: guide"}
{"level":"INFO","time":"2026-05-14T15:07:59.417+0800","msg":"[gameConfig] load config: pet"}
{"level":"INFO","time":"2026-05-14T15:07:59.441+0800","msg":"[gameConfig] load config: productReflect"}
{"level":"INFO","time":"2026-05-14T15:07:59.441+0800","msg":"[gameConfig] load config: adventureProgress"}
{"level":"INFO","time":"2026-05-14T15:07:59.441+0800","msg":"[gameConfig] load config: cityAgeUp"}
{"level":"INFO","time":"2026-05-14T15:07:59.442+0800","msg":"[gameConfig] load config: combatCoefficient"}
{"level":"INFO","time":"2026-05-14T15:07:59.442+0800","msg":"[gameConfig] load config: hero"}
{"level":"INFO","time":"2026-05-14T15:07:59.501+0800","msg":"[gameConfig] load config: shop"}
{"level":"INFO","time":"2026-05-14T15:07:59.501+0800","msg":"[gameConfig] load config: vipCard"}
{"level":"INFO","time":"2026-05-14T15:07:59.502+0800","msg":"[gameConfig] load config: compositionType"}
{"level":"INFO","time":"2026-05-14T15:07:59.502+0800","msg":"[gameConfig] load config: dropGroup"}
{"level":"INFO","time":"2026-05-14T15:07:59.503+0800","msg":"[gameConfig] load config: instance"}
{"level":"INFO","time":"2026-05-14T15:07:59.504+0800","msg":"[gameConfig] load config: item"}
{"level":"INFO","time":"2026-05-14T15:07:59.532+0800","msg":"[gameConfig] load config: productReflect success"}
{"level":"INFO","time":"2026-05-14T15:07:59.532+0800","msg":"[gameConfig] load config: adventureProgress success"}
{"level":"INFO","time":"2026-05-14T15:07:59.532+0800","msg":"[gameConfig] load config: cityAgeUp success"}
{"level":"INFO","time":"2026-05-14T15:07:59.532+0800","msg":"[gameConfig] load config: combatCoefficient success"}
{"level":"INFO","time":"2026-05-14T15:07:59.532+0800","msg":"[gameConfig] load config: hero success"}
{"level":"INFO","time":"2026-05-14T15:07:59.532+0800","msg":"[gameConfig] load config: shop success"}
{"level":"INFO","time":"2026-05-14T15:07:59.532+0800","msg":"[gameConfig] load config: vipCard success"}
{"level":"INFO","time":"2026-05-14T15:07:59.532+0800","msg":"[gameConfig] load config: compositionType success"}
{"level":"INFO","time":"2026-05-14T15:07:59.533+0800","msg":"[gameConfig] load config: dropGroup success"}
{"level":"INFO","time":"2026-05-14T15:07:59.533+0800","msg":"[gameConfig] load config: instance success"}
{"level":"INFO","time":"2026-05-14T15:07:59.533+0800","msg":"[gameConfig] load config: item success"}
{"level":"INFO","time":"2026-05-14T15:07:59.533+0800","msg":"[gameConfig] load config: mailSender success"}
{"level":"INFO","time":"2026-05-14T15:07:59.533+0800","msg":"[gameConfig] load config: pass success"}
{"level":"INFO","time":"2026-05-14T15:07:59.533+0800","msg":"[gameConfig] load config: role success"}
{"level":"INFO","time":"2026-05-14T15:07:59.533+0800","msg":"[gameConfig] load config: scene success"}
{"level":"INFO","time":"2026-05-14T15:07:59.533+0800","msg":"[gameConfig] load config: accessory success"}
{"level":"INFO","time":"2026-05-14T15:07:59.533+0800","msg":"[gameConfig] load config: activity success"}
{"level":"INFO","time":"2026-05-14T15:07:59.533+0800","msg":"[gameConfig] load config: bounty success"}
{"level":"INFO","time":"2026-05-14T15:07:59.533+0800","msg":"[gameConfig] load config: constant success"}
{"level":"INFO","time":"2026-05-14T15:07:59.533+0800","msg":"[gameConfig] load config: gloryArena success"}
{"level":"INFO","time":"2026-05-14T15:07:59.534+0800","msg":"[gameConfig] load config: stage success"}
{"level":"INFO","time":"2026-05-14T15:07:59.534+0800","msg":"[gameConfig] load config: stillShop success"}
{"level":"INFO","time":"2026-05-14T15:07:59.534+0800","msg":"[gameConfig] load config: task success"}
{"level":"INFO","time":"2026-05-14T15:07:59.534+0800","msg":"[gameConfig] load config: avatar success"}
{"level":"INFO","time":"2026-05-14T15:07:59.534+0800","msg":"[gameConfig] load config: daySign success"}
{"level":"INFO","time":"2026-05-14T15:07:59.535+0800","msg":"[gameConfig] load config: drop success"}
{"level":"INFO","time":"2026-05-14T15:07:59.535+0800","msg":"[gameConfig] load config: rank success"}
{"level":"INFO","time":"2026-05-14T15:07:59.535+0800","msg":"[gameConfig] load config: systemUnlock success"}
{"level":"INFO","time":"2026-05-14T15:07:59.535+0800","msg":"[gameConfig] load config: adventure success"}
{"level":"INFO","time":"2026-05-14T15:07:59.535+0800","msg":"[gameConfig] load config: base success"}
{"level":"INFO","time":"2026-05-14T15:07:59.535+0800","msg":"[gameConfig] load config: loopBox success"}
{"level":"INFO","time":"2026-05-14T15:07:59.535+0800","msg":"[gameConfig] load config: lottery success"}
{"level":"INFO","time":"2026-05-14T15:07:59.535+0800","msg":"[gameConfig] load config: monster success"}
{"level":"INFO","time":"2026-05-14T15:07:59.535+0800","msg":"[gameConfig] load config: sect success"}
{"level":"INFO","time":"2026-05-14T15:07:59.535+0800","msg":"[gameConfig] load config: city success"}
{"level":"INFO","time":"2026-05-14T15:07:59.535+0800","msg":"[gameConfig] load config: cityDispatch success"}
{"level":"INFO","time":"2026-05-14T15:07:59.535+0800","msg":"[gameConfig] load config: cityMonster success"}
{"level":"INFO","time":"2026-05-14T15:07:59.535+0800","msg":"[gameConfig] load config: collection success"}
{"level":"INFO","time":"2026-05-14T15:07:59.535+0800","msg":"[gameConfig] load config: idle success"}
{"level":"INFO","time":"2026-05-14T15:07:59.535+0800","msg":"[gameConfig] load config: unlock success"}
{"level":"INFO","time":"2026-05-14T15:07:59.535+0800","msg":"[gameConfig] load config: exchange success"}
{"level":"INFO","time":"2026-05-14T15:07:59.535+0800","msg":"[gameConfig] load config: limitedAdChest success"}
{"level":"INFO","time":"2026-05-14T15:07:59.535+0800","msg":"[gameConfig] load config: mailContent success"}
{"level":"INFO","time":"2026-05-14T15:07:59.535+0800","msg":"[gameConfig] load config: privilegeReward success"}
{"level":"INFO","time":"2026-05-14T15:07:59.535+0800","msg":"[gameConfig] load config: product success"}
{"level":"INFO","time":"2026-05-14T15:07:59.535+0800","msg":"[gameConfig] load config: tokenShop success"}
{"level":"INFO","time":"2026-05-14T15:07:59.535+0800","msg":"[gameConfig] load config: trial success"}
{"level":"INFO","time":"2026-05-14T15:07:59.535+0800","msg":"[gameConfig] load config: act success"}
{"level":"INFO","time":"2026-05-14T15:07:59.535+0800","msg":"[gameConfig] load config: arena success"}
{"level":"INFO","time":"2026-05-14T15:07:59.535+0800","msg":"[gameConfig] load config: attrBuff success"}
{"level":"INFO","time":"2026-05-14T15:07:59.535+0800","msg":"[gameConfig] load config: dungeon success"}
{"level":"INFO","time":"2026-05-14T15:07:59.535+0800","msg":"[gameConfig] load config: equipment success"}
{"level":"INFO","time":"2026-05-14T15:07:59.535+0800","msg":"[gameConfig] load config: guide success"}
{"level":"INFO","time":"2026-05-14T15:07:59.536+0800","msg":"[gameConfig] load config: pet success"}
{"level":"INFO","time":"2026-05-14T15:07:59.536+0800","msg":"[platform] load all config success !!!"}
{"level":"WARN","time":"2026-05-14T15:07:59.542+0800","msg":"Slow SQL","sql":"SELECT * FROM `server_info`","rows":4,"elapsed":0.0051391,"caller":"E:/dhsServer/server/logic/platform/easyDB/serverEasyDB.go:53"}
{"level":"INFO","time":"2026-05-14T15:07:59.543+0800","msg":"SQL","sql":"SELECT * FROM `announce_info` WHERE end_time > 1778742479542","rows":6,"elapsed":0.0016805,"caller":"E:/dhsServer/server/logic/platform/easyDB/serverEasyDB.go:80"}
{"level":"INFO","time":"2026-05-14T15:07:59.548+0800","msg":"SQL","sql":"SELECT * FROM `account` WHERE `account`.`server_id` = 1","rows":95,"elapsed":0.003994,"caller":"E:/dhsServer/server/logic/platform/easyDB/easyDB.go:33"}
{"level":"INFO","time":"2026-05-14T15:07:59.550+0800","msg":"SQL","sql":"SELECT * FROM `account` WHERE `account`.`server_id` = 2","rows":86,"elapsed":0.0018601,"caller":"E:/dhsServer/server/logic/platform/easyDB/easyDB.go:33"}
{"level":"INFO","time":"2026-05-14T15:07:59.552+0800","msg":"SQL","sql":"SELECT * FROM `account` WHERE `account`.`server_id` = 3","rows":0,"elapsed":0.0011931,"caller":"E:/dhsServer/server/logic/platform/easyDB/easyDB.go:33"}
{"level":"INFO","time":"2026-05-14T15:07:59.553+0800","msg":"SQL","sql":"SELECT * FROM `account` WHERE `account`.`server_id` = 4","rows":0,"elapsed":0.0010836,"caller":"E:/dhsServer/server/logic/platform/easyDB/easyDB.go:33"}
{"level":"INFO","time":"2026-05-14T15:07:59.554+0800","msg":"[platform] init server info service"}
{"level":"INFO","time":"2026-05-14T15:07:59.588+0800","msg":"[platform] init activity info service"}
{"level":"INFO","time":"2026-05-14T15:07:59.588+0800","msg":"[platform] Boot platform success !!!"}
{"level":"INFO","time":"2026-05-14T15:07:59.588+0800","msg":"[platform] register http message: /manage/login"}
{"level":"INFO","time":"2026-05-14T15:07:59.588+0800","msg":"[platform] register http message: /manage/gmuser"}
{"level":"INFO","time":"2026-05-14T15:07:59.588+0800","msg":"[platform] register http message: /manage/editgmuser"}
{"level":"INFO","time":"2026-05-14T15:07:59.588+0800","msg":"[platform] register http message: /manage/userInfo"}
{"level":"INFO","time":"2026-05-14T15:07:59.588+0800","msg":"[platform] pprof enabled env:local addr::16001"}
{"level":"INFO","time":"2026-05-14T15:07:59.588+0800","msg":"[platform] register http message: /manage/getformation"}
{"level":"INFO","time":"2026-05-14T15:07:59.588+0800","msg":"[platform] register http message: /manage/getaccessory"}
{"level":"INFO","time":"2026-05-14T15:07:59.588+0800","msg":"[platform] register http message: /manage/usermail"}
{"level":"INFO","time":"2026-05-14T15:07:59.588+0800","msg":"[platform] register http message: /manage/sendmail"}
{"level":"INFO","time":"2026-05-14T15:07:59.588+0800","msg":"[platform] register http message: /manage/serverlist"}
{"level":"INFO","time":"2026-05-14T15:07:59.588+0800","msg":"[platform] register http message: /manage/editserver"}
{"level":"INFO","time":"2026-05-14T15:07:59.588+0800","msg":"[platform] register http message: /manage/useritemchg"}
{"level":"INFO","time":"2026-05-14T15:07:59.588+0800","msg":"[platform] register http message: /manage/userorder"}
{"level":"INFO","time":"2026-05-14T15:07:59.588+0800","msg":"[platform] register http message: /manage/getRankList"}
{"level":"INFO","time":"2026-05-14T15:07:59.589+0800","msg":"[platform] register http message: /manage/getRank"}
{"level":"INFO","time":"2026-05-14T15:07:59.589+0800","msg":"[platform] register http message: /manage/gamepubilc"}
{"level":"INFO","time":"2026-05-14T15:07:59.589+0800","msg":"[platform] register http message: /manage/editgamepubilc"}
{"level":"INFO","time":"2026-05-14T15:07:59.589+0800","msg":"[platform] register http message: /manage/getTalk"}
{"level":"INFO","time":"2026-05-14T15:07:59.589+0800","msg":"[platform] register http message: /manage/editclientversion"}
{"level":"INFO","time":"2026-05-14T15:07:59.589+0800","msg":"[platform] register http message: /manage/getclientversion"}
{"level":"INFO","time":"2026-05-14T15:07:59.589+0800","msg":"[platform] register http message: /manage/getuserinventory"}
{"level":"INFO","time":"2026-05-14T15:07:59.589+0800","msg":"[platform] register http message: /manage/getServerActivityConfig"}
{"level":"INFO","time":"2026-05-14T15:07:59.589+0800","msg":"[platform] register http message: /manage/editServerActivityConfig"}
{"level":"INFO","time":"2026-05-14T15:07:59.589+0800","msg":"[platform] register http message: /manage/editBanUser"}
{"level":"INFO","time":"2026-05-14T15:07:59.589+0800","msg":"[platform] register http message: /manage/editMuteUser"}
{"level":"INFO","time":"2026-05-14T15:07:59.589+0800","msg":"[platform] register http message: /manage/getUserLogList"}
{"level":"INFO","time":"2026-05-14T15:07:59.589+0800","msg":"[platform] register http message: /manage/exportPlayer"}
{"level":"INFO","time":"2026-05-14T15:07:59.589+0800","msg":"[platform] register http message: /manage/importPlayer"}
{"level":"INFO","time":"2026-05-14T15:07:59.589+0800","msg":"[platform] register http message: /manage/getThroughput"}
{"level":"INFO","time":"2026-05-14T15:07:59.589+0800","msg":"[platform] start http service"}
{"level":"WARN","time":"2026-05-14T15:08:23.718+0800","msg":"Slow SQL","sql":"SELECT * FROM `systemuser` WHERE Account = 'admin' LIMIT 1","rows":1,"elapsed":0.0244778,"caller":"E:/dhsServer/server/logic/platform/easyDB/backendDB.go:52"}
{"level":"WARN","time":"2026-05-14T15:08:29.167+0800","msg":"Slow SQL","sql":"SELECT * FROM `operation_log_202605` WHERE `operation_log_202605`.`operation_type` = 0 AND `operation_log_202605`.`user_id` = 760491650584576 ORDER BY add_time DESC LIMIT 1000","rows":0,"elapsed":0.0338268,"caller":"E:/dhsServer/server/logic/platform/easyDB/logDB.go:360"}
{"level":"WARN","time":"2026-05-14T15:08:29.199+0800","msg":"Slow SQL","sql":"SELECT * FROM `operation_log_202604` WHERE `operation_log_202604`.`operation_type` = 0 AND `operation_log_202604`.`user_id` = 760491650584576 ORDER BY add_time DESC LIMIT 1000","rows":0,"elapsed":0.0300613,"caller":"E:/dhsServer/server/logic/platform/easyDB/logDB.go:360"}
{"level":"WARN","time":"2026-05-14T15:08:29.211+0800","msg":"Slow SQL","sql":"SELECT * FROM `operation_log_202603` WHERE `operation_log_202603`.`operation_type` = 0 AND `operation_log_202603`.`user_id` = 760491650584576 ORDER BY add_time DESC LIMIT 1000","rows":0,"elapsed":0.0124489,"caller":"E:/dhsServer/server/logic/platform/easyDB/logDB.go:360"}
{"level":"WARN","time":"2026-05-14T15:08:48.966+0800","msg":"Slow SQL","sql":"SELECT * FROM `systemuser` WHERE Account = 'admin' LIMIT 1","rows":1,"elapsed":0.0248328,"caller":"E:/dhsServer/server/logic/platform/easyDB/backendDB.go:52"}
{"level":"WARN","time":"2026-05-14T15:08:55.997+0800","msg":"Slow SQL","sql":"SELECT * FROM `account` WHERE `account`.`user_id` = 760491650584576","rows":0,"elapsed":0.0206718,"caller":"E:/dhsServer/server/logic/platform/easyDB/easyDB.go:33"}
{"level":"WARN","time":"2026-05-14T15:09:06.826+0800","msg":"Slow SQL","sql":"SELECT * FROM `account` WHERE `account`.`user_id` = 760491650584576","rows":0,"elapsed":0.0100869,"caller":"E:/dhsServer/server/logic/platform/easyDB/easyDB.go:33"}
{"level":"WARN","time":"2026-05-14T15:09:13.654+0800","msg":"Slow SQL","sql":"SELECT * FROM `recharge_order` WHERE `recharge_order`.`user_id` = 760491650584576","rows":0,"elapsed":0.0440883,"caller":"E:/dhsServer/server/logic/platform/easyDB/serverEasyDB.go:70"}
{"level":"WARN","time":"2026-05-14T15:09:15.068+0800","msg":"Slow SQL","sql":"SELECT * FROM `recharge_order`","rows":330,"elapsed":0.0160251,"caller":"E:/dhsServer/server/logic/platform/easyDB/serverEasyDB.go:70"}
{"level":"WARN","time":"2026-05-14T15:09:22.034+0800","msg":"Slow SQL","sql":"SELECT * FROM `account` WHERE `account`.`user_id` = 840794548736000","rows":1,"elapsed":0.0155073,"caller":"E:/dhsServer/server/logic/platform/easyDB/easyDB.go:33"}
{"level":"WARN","time":"2026-05-14T15:09:22.042+0800","msg":"Slow SQL","sql":"SELECT * FROM `player_Instance_data` WHERE `player_Instance_data`.`user_id` = 840794548736000","rows":2,"elapsed":0.0072896,"caller":"E:/dhsServer/server/logic/platform/easyDB/easyDB.go:33"}
{"level":"WARN","time":"2026-05-14T15:09:22.048+0800","msg":"Slow SQL","sql":"SELECT * FROM `hero_formation` WHERE `hero_formation`.`formation_type` = 4 AND `hero_formation`.`is_active` = true AND `hero_formation`.`user_id` = 840794548736000 LIMIT 1","rows":1,"elapsed":0.0057439,"caller":"E:/dhsServer/server/logic/platform/easyDB/easyDB.go:49"}
{"level":"INFO","time":"2026-05-14T15:09:22.052+0800","msg":"SQL","sql":"SELECT * FROM `hero_details` WHERE `hero_details`.`hero_own_id` = 929873978204160 LIMIT 1","rows":1,"elapsed":0.0036995,"caller":"E:/dhsServer/server/logic/platform/easyDB/easyDB.go:49"}
{"level":"INFO","time":"2026-05-14T15:09:22.054+0800","msg":"SQL","sql":"SELECT * FROM `hero_details` WHERE `hero_details`.`hero_own_id` = 841451130855424 LIMIT 1","rows":1,"elapsed":0.002415,"caller":"E:/dhsServer/server/logic/platform/easyDB/easyDB.go:49"}
{"level":"INFO","time":"2026-05-14T15:09:22.057+0800","msg":"SQL","sql":"SELECT * FROM `hero_details` WHERE `hero_details`.`hero_own_id` = 929872804585472 LIMIT 1","rows":1,"elapsed":0.0025043,"caller":"E:/dhsServer/server/logic/platform/easyDB/easyDB.go:49"}
{"level":"INFO","time":"2026-05-14T15:09:22.060+0800","msg":"SQL","sql":"SELECT * FROM `hero_details` WHERE `hero_details`.`hero_own_id` = 929874450849792 LIMIT 1","rows":1,"elapsed":0.0030639,"caller":"E:/dhsServer/server/logic/platform/easyDB/easyDB.go:49"}
{"level":"INFO","time":"2026-05-14T15:09:22.062+0800","msg":"SQL","sql":"SELECT * FROM `hero_details` WHERE `hero_details`.`hero_own_id` = 1004093596901376 LIMIT 1","rows":1,"elapsed":0.0023947,"caller":"E:/dhsServer/server/logic/platform/easyDB/easyDB.go:49"}
{"level":"INFO","time":"2026-05-14T15:09:22.066+0800","msg":"SQL Record Not Found","sql":"SELECT * FROM `ban_list` WHERE `ban_list`.`account` = 'wtf4002' LIMIT 1","rows":0,"elapsed":0.0038132,"caller":"E:/dhsServer/server/logic/platform/easyDB/serverEasyDB.go:61"}
{"level":"WARN","time":"2026-05-14T15:32:42.198+0800","msg":"Slow SQL","sql":"SELECT * FROM `systemuser` WHERE Account = 'admin' LIMIT 1","rows":1,"elapsed":0.0185524,"caller":"E:/dhsServer/server/logic/platform/easyDB/backendDB.go:52"}
{"level":"WARN","time":"2026-05-14T15:35:22.189+0800","msg":"Slow SQL","sql":"SELECT * FROM `systemuser` WHERE Account = 'admin' LIMIT 1","rows":1,"elapsed":0.0218465,"caller":"E:/dhsServer/server/logic/platform/easyDB/backendDB.go:52"}
