{"level":"INFO","time":"2026-05-17T00:10:53.516+0800","msg":"[platform] Init node nodeId:1,nodeType:backend,environment:local,channelId:1"}
{"level":"INFO","time":"2026-05-17T00:10:53.517+0800","msg":"[platform] Boot http platform config:{\n  \"Address\": \":8082\",\n  \"ReadTimeoutMs\": 10000000000,\n  \"WriteTimeoutMs\": 10000000000,\n  \"IdleTimeoutMs\": 10000000000,\n  \"MaxBodySize\": 1048576\n}"}
{"level":"INFO","time":"2026-05-17T00:10:53.517+0800","msg":"[platform] Init server db config:{\n  \"Dsn\": \"root:123456@tcp(127.0.0.1:3306)/server?charset=utf8mb4\\u0026parseTime=True\\u0026loc=Local\",\n  \"MaxIdleConnections\": 10,\n  \"MaxOpenConnections\": 100,\n  \"MaxLifetime\": 10000000000\n}"}
{"level":"INFO","time":"2026-05-17T00:10:53.599+0800","msg":"[platform] Init game db config:{\n  \"Dsn\": \"root:123456@tcp(127.0.0.1:3306)/game?charset=utf8mb4\\u0026parseTime=True\\u0026loc=Local\",\n  \"MaxIdleConnections\": 10,\n  \"MaxOpenConnections\": 100,\n  \"MaxLifetime\": 10000000000\n}"}
{"level":"INFO","time":"2026-05-17T00:10:53.658+0800","msg":"[platform] Init redis db config:{\n  \"Addr\": \"127.0.0.1:6379\",\n  \"DB\": 0,\n  \"PoolSize\": 10,\n  \"Password\": \"\"\n}"}
{"level":"INFO","time":"2026-05-17T00:10:53.670+0800","msg":"[gameConfig] load config: productReflect"}
{"level":"INFO","time":"2026-05-17T00:10:53.672+0800","msg":"[gameConfig] load config: tokenShop"}
{"level":"INFO","time":"2026-05-17T00:10:53.680+0800","msg":"[gameConfig] load config: adventure"}
{"level":"INFO","time":"2026-05-17T00:10:53.680+0800","msg":"[gameConfig] load config: city"}
{"level":"INFO","time":"2026-05-17T00:10:53.697+0800","msg":"[gameConfig] load config: role"}
{"level":"INFO","time":"2026-05-17T00:10:53.698+0800","msg":"[gameConfig] load config: systemUnlock"}
{"level":"INFO","time":"2026-05-17T00:10:53.698+0800","msg":"[gameConfig] load config: idle"}
{"level":"INFO","time":"2026-05-17T00:10:53.699+0800","msg":"[gameConfig] load config: accessory"}
{"level":"INFO","time":"2026-05-17T00:10:53.702+0800","msg":"[gameConfig] load config: arena"}
{"level":"INFO","time":"2026-05-17T00:10:53.703+0800","msg":"[gameConfig] load config: avatar"}
{"level":"INFO","time":"2026-05-17T00:10:53.706+0800","msg":"[gameConfig] load config: cityAgeUp"}
{"level":"INFO","time":"2026-05-17T00:10:53.706+0800","msg":"[gameConfig] load config: item"}
{"level":"INFO","time":"2026-05-17T00:10:53.735+0800","msg":"[gameConfig] load config: mailContent"}
{"level":"INFO","time":"2026-05-17T00:10:53.736+0800","msg":"[gameConfig] load config: privilegeReward"}
{"level":"INFO","time":"2026-05-17T00:10:53.736+0800","msg":"[gameConfig] load config: attrBuff"}
{"level":"INFO","time":"2026-05-17T00:10:53.736+0800","msg":"[gameConfig] load config: gloryArena"}
{"level":"INFO","time":"2026-05-17T00:10:53.737+0800","msg":"[gameConfig] load config: loopBox"}
{"level":"INFO","time":"2026-05-17T00:10:53.737+0800","msg":"[gameConfig] load config: lottery"}
{"level":"INFO","time":"2026-05-17T00:10:53.737+0800","msg":"[gameConfig] load config: scene"}
{"level":"INFO","time":"2026-05-17T00:10:53.737+0800","msg":"[gameConfig] load config: shop"}
{"level":"INFO","time":"2026-05-17T00:10:53.737+0800","msg":"[gameConfig] load config: stage"}
{"level":"INFO","time":"2026-05-17T00:10:53.822+0800","msg":"[gameConfig] load config: trial"}
{"level":"INFO","time":"2026-05-17T00:10:53.823+0800","msg":"[gameConfig] load config: adventureProgress"}
{"level":"INFO","time":"2026-05-17T00:10:53.823+0800","msg":"[gameConfig] load config: base"}
{"level":"INFO","time":"2026-05-17T00:10:53.823+0800","msg":"[gameConfig] load config: compositionType"}
{"level":"INFO","time":"2026-05-17T00:10:53.823+0800","msg":"[gameConfig] load config: guide"}
{"level":"INFO","time":"2026-05-17T00:10:53.823+0800","msg":"[gameConfig] load config: limitedAdChest"}
{"level":"INFO","time":"2026-05-17T00:10:53.824+0800","msg":"[gameConfig] load config: monster"}
{"level":"INFO","time":"2026-05-17T00:10:53.932+0800","msg":"[gameConfig] load config: pass"}
{"level":"INFO","time":"2026-05-17T00:10:53.937+0800","msg":"[gameConfig] load config: pet"}
{"level":"INFO","time":"2026-05-17T00:10:53.962+0800","msg":"[gameConfig] load config: dungeon"}
{"level":"INFO","time":"2026-05-17T00:10:53.971+0800","msg":"[gameConfig] load config: rank"}
{"level":"INFO","time":"2026-05-17T00:10:53.972+0800","msg":"[gameConfig] load config: sect"}
{"level":"INFO","time":"2026-05-17T00:10:53.972+0800","msg":"[gameConfig] load config: stillShop"}
{"level":"INFO","time":"2026-05-17T00:10:53.977+0800","msg":"[gameConfig] load config: task"}
{"level":"INFO","time":"2026-05-17T00:10:53.985+0800","msg":"[gameConfig] load config: vipCard"}
{"level":"INFO","time":"2026-05-17T00:10:53.985+0800","msg":"[gameConfig] load config: act"}
{"level":"INFO","time":"2026-05-17T00:10:53.987+0800","msg":"[gameConfig] load config: bounty"}
{"level":"INFO","time":"2026-05-17T00:10:53.987+0800","msg":"[gameConfig] load config: cityDispatch"}
{"level":"INFO","time":"2026-05-17T00:10:53.987+0800","msg":"[gameConfig] load config: cityMonster"}
{"level":"INFO","time":"2026-05-17T00:10:53.987+0800","msg":"[gameConfig] load config: constant"}
{"level":"INFO","time":"2026-05-17T00:10:53.988+0800","msg":"[gameConfig] load config: daySign"}
{"level":"INFO","time":"2026-05-17T00:10:53.988+0800","msg":"[gameConfig] load config: equipment"}
{"level":"INFO","time":"2026-05-17T00:10:54.082+0800","msg":"[gameConfig] load config: product"}
{"level":"INFO","time":"2026-05-17T00:10:54.083+0800","msg":"[gameConfig] load config: hero"}
{"level":"INFO","time":"2026-05-17T00:10:54.162+0800","msg":"[gameConfig] load config: activity"}
{"level":"INFO","time":"2026-05-17T00:10:54.163+0800","msg":"[gameConfig] load config: combatCoefficient"}
{"level":"INFO","time":"2026-05-17T00:10:54.164+0800","msg":"[gameConfig] load config: dropGroup"}
{"level":"INFO","time":"2026-05-17T00:10:54.166+0800","msg":"[gameConfig] load config: instance"}
{"level":"INFO","time":"2026-05-17T00:10:54.167+0800","msg":"[gameConfig] load config: unlock"}
{"level":"INFO","time":"2026-05-17T00:10:54.169+0800","msg":"[gameConfig] load config: collection"}
{"level":"INFO","time":"2026-05-17T00:10:54.177+0800","msg":"[gameConfig] load config: drop"}
{"level":"INFO","time":"2026-05-17T00:10:54.197+0800","msg":"[gameConfig] load config: exchange"}
{"level":"INFO","time":"2026-05-17T00:10:54.198+0800","msg":"[gameConfig] load config: mailSender"}
{"level":"INFO","time":"2026-05-17T00:10:54.198+0800","msg":"[gameConfig] load config: item success"}
{"level":"INFO","time":"2026-05-17T00:10:54.198+0800","msg":"[gameConfig] load config: mailContent success"}
{"level":"INFO","time":"2026-05-17T00:10:54.198+0800","msg":"[gameConfig] load config: privilegeReward success"}
{"level":"INFO","time":"2026-05-17T00:10:54.198+0800","msg":"[gameConfig] load config: attrBuff success"}
{"level":"INFO","time":"2026-05-17T00:10:54.198+0800","msg":"[gameConfig] load config: gloryArena success"}
{"level":"INFO","time":"2026-05-17T00:10:54.198+0800","msg":"[gameConfig] load config: loopBox success"}
{"level":"INFO","time":"2026-05-17T00:10:54.198+0800","msg":"[gameConfig] load config: lottery success"}
{"level":"INFO","time":"2026-05-17T00:10:54.198+0800","msg":"[gameConfig] load config: scene success"}
{"level":"INFO","time":"2026-05-17T00:10:54.198+0800","msg":"[gameConfig] load config: shop success"}
{"level":"INFO","time":"2026-05-17T00:10:54.200+0800","msg":"[gameConfig] load config: stage success"}
{"level":"INFO","time":"2026-05-17T00:10:54.200+0800","msg":"[gameConfig] load config: trial success"}
{"level":"INFO","time":"2026-05-17T00:10:54.200+0800","msg":"[gameConfig] load config: adventureProgress success"}
{"level":"INFO","time":"2026-05-17T00:10:54.200+0800","msg":"[gameConfig] load config: base success"}
{"level":"INFO","time":"2026-05-17T00:10:54.200+0800","msg":"[gameConfig] load config: compositionType success"}
{"level":"INFO","time":"2026-05-17T00:10:54.200+0800","msg":"[gameConfig] load config: guide success"}
{"level":"INFO","time":"2026-05-17T00:10:54.200+0800","msg":"[gameConfig] load config: limitedAdChest success"}
{"level":"INFO","time":"2026-05-17T00:10:54.201+0800","msg":"[gameConfig] load config: monster success"}
{"level":"INFO","time":"2026-05-17T00:10:54.201+0800","msg":"[gameConfig] load config: pass success"}
{"level":"INFO","time":"2026-05-17T00:10:54.201+0800","msg":"[gameConfig] load config: pet success"}
{"level":"INFO","time":"2026-05-17T00:10:54.201+0800","msg":"[gameConfig] load config: dungeon success"}
{"level":"INFO","time":"2026-05-17T00:10:54.201+0800","msg":"[gameConfig] load config: rank success"}
{"level":"INFO","time":"2026-05-17T00:10:54.201+0800","msg":"[gameConfig] load config: sect success"}
{"level":"INFO","time":"2026-05-17T00:10:54.201+0800","msg":"[gameConfig] load config: stillShop success"}
{"level":"INFO","time":"2026-05-17T00:10:54.201+0800","msg":"[gameConfig] load config: task success"}
{"level":"INFO","time":"2026-05-17T00:10:54.201+0800","msg":"[gameConfig] load config: vipCard success"}
{"level":"INFO","time":"2026-05-17T00:10:54.201+0800","msg":"[gameConfig] load config: act success"}
{"level":"INFO","time":"2026-05-17T00:10:54.201+0800","msg":"[gameConfig] load config: bounty success"}
{"level":"INFO","time":"2026-05-17T00:10:54.201+0800","msg":"[gameConfig] load config: cityDispatch success"}
{"level":"INFO","time":"2026-05-17T00:10:54.201+0800","msg":"[gameConfig] load config: cityMonster success"}
{"level":"INFO","time":"2026-05-17T00:10:54.201+0800","msg":"[gameConfig] load config: constant success"}
{"level":"INFO","time":"2026-05-17T00:10:54.201+0800","msg":"[gameConfig] load config: daySign success"}
{"level":"INFO","time":"2026-05-17T00:10:54.201+0800","msg":"[gameConfig] load config: equipment success"}
{"level":"INFO","time":"2026-05-17T00:10:54.201+0800","msg":"[gameConfig] load config: product success"}
{"level":"INFO","time":"2026-05-17T00:10:54.202+0800","msg":"[gameConfig] load config: hero success"}
{"level":"INFO","time":"2026-05-17T00:10:54.202+0800","msg":"[gameConfig] load config: activity success"}
{"level":"INFO","time":"2026-05-17T00:10:54.202+0800","msg":"[gameConfig] load config: combatCoefficient success"}
{"level":"INFO","time":"2026-05-17T00:10:54.202+0800","msg":"[gameConfig] load config: dropGroup success"}
{"level":"INFO","time":"2026-05-17T00:10:54.202+0800","msg":"[gameConfig] load config: instance success"}
{"level":"INFO","time":"2026-05-17T00:10:54.202+0800","msg":"[gameConfig] load config: unlock success"}
{"level":"INFO","time":"2026-05-17T00:10:54.202+0800","msg":"[gameConfig] load config: collection success"}
{"level":"INFO","time":"2026-05-17T00:10:54.203+0800","msg":"[gameConfig] load config: drop success"}
{"level":"INFO","time":"2026-05-17T00:10:54.203+0800","msg":"[gameConfig] load config: exchange success"}
{"level":"INFO","time":"2026-05-17T00:10:54.203+0800","msg":"[gameConfig] load config: mailSender success"}
{"level":"INFO","time":"2026-05-17T00:10:54.203+0800","msg":"[gameConfig] load config: productReflect success"}
{"level":"INFO","time":"2026-05-17T00:10:54.203+0800","msg":"[gameConfig] load config: tokenShop success"}
{"level":"INFO","time":"2026-05-17T00:10:54.203+0800","msg":"[gameConfig] load config: adventure success"}
{"level":"INFO","time":"2026-05-17T00:10:54.203+0800","msg":"[gameConfig] load config: city success"}
{"level":"INFO","time":"2026-05-17T00:10:54.203+0800","msg":"[gameConfig] load config: role success"}
{"level":"INFO","time":"2026-05-17T00:10:54.203+0800","msg":"[gameConfig] load config: systemUnlock success"}
{"level":"INFO","time":"2026-05-17T00:10:54.203+0800","msg":"[gameConfig] load config: idle success"}
{"level":"INFO","time":"2026-05-17T00:10:54.203+0800","msg":"[gameConfig] load config: accessory success"}
{"level":"INFO","time":"2026-05-17T00:10:54.203+0800","msg":"[gameConfig] load config: arena success"}
{"level":"INFO","time":"2026-05-17T00:10:54.203+0800","msg":"[gameConfig] load config: avatar success"}
{"level":"INFO","time":"2026-05-17T00:10:54.203+0800","msg":"[gameConfig] load config: cityAgeUp success"}
{"level":"INFO","time":"2026-05-17T00:10:54.203+0800","msg":"[platform] load all config success !!!"}
{"level":"WARN","time":"2026-05-17T00:10:54.212+0800","msg":"Slow SQL","sql":"SELECT * FROM `server_info`","rows":4,"elapsed":0.0086991,"caller":"E:/dhsServer/server/logic/platform/easyDB/serverEasyDB.go:53"}
{"level":"WARN","time":"2026-05-17T00:10:54.222+0800","msg":"Slow SQL","sql":"SELECT * FROM `announce_info` WHERE end_time > 1778947854212","rows":6,"elapsed":0.0098332,"caller":"E:/dhsServer/server/logic/platform/easyDB/serverEasyDB.go:80"}
{"level":"WARN","time":"2026-05-17T00:10:54.232+0800","msg":"Slow SQL","sql":"SELECT * FROM `account` WHERE `account`.`server_id` = 1","rows":95,"elapsed":0.0102679,"caller":"E:/dhsServer/server/logic/platform/easyDB/easyDB.go:33"}
{"level":"WARN","time":"2026-05-17T00:10:54.245+0800","msg":"Slow SQL","sql":"SELECT * FROM `account` WHERE `account`.`server_id` = 2","rows":86,"elapsed":0.0076857,"caller":"E:/dhsServer/server/logic/platform/easyDB/easyDB.go:33"}
{"level":"WARN","time":"2026-05-17T00:10:54.255+0800","msg":"Slow SQL","sql":"SELECT * FROM `account` WHERE `account`.`server_id` = 3","rows":0,"elapsed":0.0060887,"caller":"E:/dhsServer/server/logic/platform/easyDB/easyDB.go:33"}
{"level":"WARN","time":"2026-05-17T00:10:54.265+0800","msg":"Slow SQL","sql":"SELECT * FROM `account` WHERE `account`.`server_id` = 4","rows":0,"elapsed":0.0062854,"caller":"E:/dhsServer/server/logic/platform/easyDB/easyDB.go:33"}
{"level":"INFO","time":"2026-05-17T00:10:54.269+0800","msg":"[platform] init server info service"}
{"level":"INFO","time":"2026-05-17T00:10:54.418+0800","msg":"[platform] init activity info service"}
{"level":"INFO","time":"2026-05-17T00:10:54.418+0800","msg":"[platform] Boot platform success !!!"}
{"level":"INFO","time":"2026-05-17T00:10:54.418+0800","msg":"[platform] register http message: /manage/login"}
{"level":"INFO","time":"2026-05-17T00:10:54.418+0800","msg":"[platform] register http message: /manage/gmuser"}
{"level":"INFO","time":"2026-05-17T00:10:54.418+0800","msg":"[platform] register http message: /manage/editgmuser"}
{"level":"INFO","time":"2026-05-17T00:10:54.418+0800","msg":"[platform] register http message: /manage/userInfo"}
{"level":"INFO","time":"2026-05-17T00:10:54.418+0800","msg":"[platform] register http message: /manage/getformation"}
{"level":"INFO","time":"2026-05-17T00:10:54.418+0800","msg":"[platform] register http message: /manage/getaccessory"}
{"level":"INFO","time":"2026-05-17T00:10:54.418+0800","msg":"[platform] register http message: /manage/usermail"}
{"level":"INFO","time":"2026-05-17T00:10:54.418+0800","msg":"[platform] register http message: /manage/sendmail"}
{"level":"INFO","time":"2026-05-17T00:10:54.418+0800","msg":"[platform] pprof enabled env:local addr::16001"}
{"level":"INFO","time":"2026-05-17T00:10:54.418+0800","msg":"[platform] register http message: /manage/serverlist"}
{"level":"INFO","time":"2026-05-17T00:10:54.418+0800","msg":"[platform] register http message: /manage/editserver"}
{"level":"INFO","time":"2026-05-17T00:10:54.418+0800","msg":"[platform] register http message: /manage/useritemchg"}
{"level":"INFO","time":"2026-05-17T00:10:54.418+0800","msg":"[platform] register http message: /manage/userorder"}
{"level":"INFO","time":"2026-05-17T00:10:54.418+0800","msg":"[platform] register http message: /manage/getRankList"}
{"level":"INFO","time":"2026-05-17T00:10:54.418+0800","msg":"[platform] register http message: /manage/getRank"}
{"level":"INFO","time":"2026-05-17T00:10:54.418+0800","msg":"[platform] register http message: /manage/gamepubilc"}
{"level":"INFO","time":"2026-05-17T00:10:54.418+0800","msg":"[platform] register http message: /manage/editgamepubilc"}
{"level":"INFO","time":"2026-05-17T00:10:54.418+0800","msg":"[platform] register http message: /manage/getTalk"}
{"level":"INFO","time":"2026-05-17T00:10:54.418+0800","msg":"[platform] register http message: /manage/editclientversion"}
{"level":"INFO","time":"2026-05-17T00:10:54.418+0800","msg":"[platform] register http message: /manage/getclientversion"}
{"level":"INFO","time":"2026-05-17T00:10:54.418+0800","msg":"[platform] register http message: /manage/getuserinventory"}
{"level":"INFO","time":"2026-05-17T00:10:54.418+0800","msg":"[platform] register http message: /manage/getServerActivityConfig"}
{"level":"INFO","time":"2026-05-17T00:10:54.418+0800","msg":"[platform] register http message: /manage/editServerActivityConfig"}
{"level":"INFO","time":"2026-05-17T00:10:54.418+0800","msg":"[platform] register http message: /manage/editBanUser"}
{"level":"INFO","time":"2026-05-17T00:10:54.418+0800","msg":"[platform] register http message: /manage/editMuteUser"}
{"level":"INFO","time":"2026-05-17T00:10:54.418+0800","msg":"[platform] register http message: /manage/getUserLogList"}
{"level":"INFO","time":"2026-05-17T00:10:54.418+0800","msg":"[platform] register http message: /manage/exportPlayer"}
{"level":"INFO","time":"2026-05-17T00:10:54.418+0800","msg":"[platform] register http message: /manage/importPlayer"}
{"level":"INFO","time":"2026-05-17T00:10:54.418+0800","msg":"[platform] register http message: /manage/getThroughput"}
{"level":"INFO","time":"2026-05-17T00:10:54.418+0800","msg":"[platform] start http service"}
