{"level":"INFO","time":"2026-05-15T14:48:16.729+0800","msg":"[platform] Init node nodeId:1,nodeType:backend,environment:local,channelId:1"}
{"level":"INFO","time":"2026-05-15T14:48:16.730+0800","msg":"[platform] Boot http platform config:{\n  \"Address\": \":8082\",\n  \"ReadTimeoutMs\": 10000000000,\n  \"WriteTimeoutMs\": 10000000000,\n  \"IdleTimeoutMs\": 10000000000,\n  \"MaxBodySize\": 1048576\n}"}
{"level":"INFO","time":"2026-05-15T14:48:16.730+0800","msg":"[platform] Init server db config:{\n  \"Dsn\": \"root:123456@tcp(127.0.0.1:3306)/server?charset=utf8mb4\\u0026parseTime=True\\u0026loc=Local\",\n  \"MaxIdleConnections\": 10,\n  \"MaxOpenConnections\": 100,\n  \"MaxLifetime\": 10000000000\n}"}
{"level":"INFO","time":"2026-05-15T14:48:16.780+0800","msg":"[platform] Init game db config:{\n  \"Dsn\": \"root:123456@tcp(127.0.0.1:3306)/game?charset=utf8mb4\\u0026parseTime=True\\u0026loc=Local\",\n  \"MaxIdleConnections\": 10,\n  \"MaxOpenConnections\": 100,\n  \"MaxLifetime\": 10000000000\n}"}
{"level":"INFO","time":"2026-05-15T14:48:16.797+0800","msg":"[platform] Init redis db config:{\n  \"Addr\": \"127.0.0.1:6379\",\n  \"DB\": 0,\n  \"PoolSize\": 10,\n  \"Password\": \"\"\n}"}
{"level":"INFO","time":"2026-05-15T14:48:16.802+0800","msg":"[gameConfig] load config: combatCoefficient"}
{"level":"INFO","time":"2026-05-15T14:48:16.803+0800","msg":"[gameConfig] load config: gloryArena"}
{"level":"INFO","time":"2026-05-15T14:48:16.803+0800","msg":"[gameConfig] load config: item"}
{"level":"INFO","time":"2026-05-15T14:48:16.839+0800","msg":"[gameConfig] load config: loopBox"}
{"level":"INFO","time":"2026-05-15T14:48:16.840+0800","msg":"[gameConfig] load config: pet"}
{"level":"INFO","time":"2026-05-15T14:48:16.867+0800","msg":"[gameConfig] load config: bounty"}
{"level":"INFO","time":"2026-05-15T14:48:16.867+0800","msg":"[gameConfig] load config: cityDispatch"}
{"level":"INFO","time":"2026-05-15T14:48:16.868+0800","msg":"[gameConfig] load config: drop"}
{"level":"INFO","time":"2026-05-15T14:48:16.893+0800","msg":"[gameConfig] load config: equipment"}
{"level":"INFO","time":"2026-05-15T14:48:17.000+0800","msg":"[gameConfig] load config: instance"}
{"level":"INFO","time":"2026-05-15T14:48:17.001+0800","msg":"[gameConfig] load config: tokenShop"}
{"level":"INFO","time":"2026-05-15T14:48:17.002+0800","msg":"[gameConfig] load config: city"}
{"level":"INFO","time":"2026-05-15T14:48:17.017+0800","msg":"[gameConfig] load config: act"}
{"level":"INFO","time":"2026-05-15T14:48:17.019+0800","msg":"[gameConfig] load config: activity"}
{"level":"INFO","time":"2026-05-15T14:48:17.021+0800","msg":"[gameConfig] load config: attrBuff"}
{"level":"INFO","time":"2026-05-15T14:48:17.021+0800","msg":"[gameConfig] load config: avatar"}
{"level":"INFO","time":"2026-05-15T14:48:17.024+0800","msg":"[gameConfig] load config: exchange"}
{"level":"INFO","time":"2026-05-15T14:48:17.025+0800","msg":"[gameConfig] load config: productReflect"}
{"level":"INFO","time":"2026-05-15T14:48:17.025+0800","msg":"[gameConfig] load config: scene"}
{"level":"INFO","time":"2026-05-15T14:48:17.025+0800","msg":"[gameConfig] load config: constant"}
{"level":"INFO","time":"2026-05-15T14:48:17.026+0800","msg":"[gameConfig] load config: limitedAdChest"}
{"level":"INFO","time":"2026-05-15T14:48:17.026+0800","msg":"[gameConfig] load config: sect"}
{"level":"INFO","time":"2026-05-15T14:48:17.026+0800","msg":"[gameConfig] load config: systemUnlock"}
{"level":"INFO","time":"2026-05-15T14:48:17.027+0800","msg":"[gameConfig] load config: task"}
{"level":"INFO","time":"2026-05-15T14:48:17.035+0800","msg":"[gameConfig] load config: accessory"}
{"level":"INFO","time":"2026-05-15T14:48:17.041+0800","msg":"[gameConfig] load config: adventureProgress"}
{"level":"INFO","time":"2026-05-15T14:48:17.041+0800","msg":"[gameConfig] load config: dungeon"}
{"level":"INFO","time":"2026-05-15T14:48:17.050+0800","msg":"[gameConfig] load config: lottery"}
{"level":"INFO","time":"2026-05-15T14:48:17.050+0800","msg":"[gameConfig] load config: monster"}
{"level":"INFO","time":"2026-05-15T14:48:17.164+0800","msg":"[gameConfig] load config: role"}
{"level":"INFO","time":"2026-05-15T14:48:17.165+0800","msg":"[gameConfig] load config: stage"}
{"level":"INFO","time":"2026-05-15T14:48:17.251+0800","msg":"[gameConfig] load config: stillShop"}
{"level":"INFO","time":"2026-05-15T14:48:17.255+0800","msg":"[gameConfig] load config: base"}
{"level":"INFO","time":"2026-05-15T14:48:17.255+0800","msg":"[gameConfig] load config: cityAgeUp"}
{"level":"INFO","time":"2026-05-15T14:48:17.255+0800","msg":"[gameConfig] load config: daySign"}
{"level":"INFO","time":"2026-05-15T14:48:17.256+0800","msg":"[gameConfig] load config: guide"}
{"level":"INFO","time":"2026-05-15T14:48:17.256+0800","msg":"[gameConfig] load config: hero"}
{"level":"INFO","time":"2026-05-15T14:48:17.330+0800","msg":"[gameConfig] load config: mailSender"}
{"level":"INFO","time":"2026-05-15T14:48:17.330+0800","msg":"[gameConfig] load config: privilegeReward"}
{"level":"INFO","time":"2026-05-15T14:48:17.330+0800","msg":"[gameConfig] load config: rank"}
{"level":"INFO","time":"2026-05-15T14:48:17.331+0800","msg":"[gameConfig] load config: idle"}
{"level":"INFO","time":"2026-05-15T14:48:17.332+0800","msg":"[gameConfig] load config: dropGroup"}
{"level":"INFO","time":"2026-05-15T14:48:17.336+0800","msg":"[gameConfig] load config: mailContent"}
{"level":"INFO","time":"2026-05-15T14:48:17.337+0800","msg":"[gameConfig] load config: pass"}
{"level":"INFO","time":"2026-05-15T14:48:17.344+0800","msg":"[gameConfig] load config: product"}
{"level":"INFO","time":"2026-05-15T14:48:17.345+0800","msg":"[gameConfig] load config: unlock"}
{"level":"INFO","time":"2026-05-15T14:48:17.348+0800","msg":"[gameConfig] load config: vipCard"}
{"level":"INFO","time":"2026-05-15T14:48:17.348+0800","msg":"[gameConfig] load config: collection"}
{"level":"INFO","time":"2026-05-15T14:48:17.359+0800","msg":"[gameConfig] load config: compositionType"}
{"level":"INFO","time":"2026-05-15T14:48:17.360+0800","msg":"[gameConfig] load config: shop"}
{"level":"INFO","time":"2026-05-15T14:48:17.360+0800","msg":"[gameConfig] load config: trial"}
{"level":"INFO","time":"2026-05-15T14:48:17.361+0800","msg":"[gameConfig] load config: cityMonster"}
{"level":"INFO","time":"2026-05-15T14:48:17.362+0800","msg":"[gameConfig] load config: adventure"}
{"level":"INFO","time":"2026-05-15T14:48:17.362+0800","msg":"[gameConfig] load config: arena"}
{"level":"INFO","time":"2026-05-15T14:48:17.364+0800","msg":"[gameConfig] load config: tokenShop success"}
{"level":"INFO","time":"2026-05-15T14:48:17.364+0800","msg":"[gameConfig] load config: city success"}
{"level":"INFO","time":"2026-05-15T14:48:17.364+0800","msg":"[gameConfig] load config: act success"}
{"level":"INFO","time":"2026-05-15T14:48:17.364+0800","msg":"[gameConfig] load config: activity success"}
{"level":"INFO","time":"2026-05-15T14:48:17.364+0800","msg":"[gameConfig] load config: attrBuff success"}
{"level":"INFO","time":"2026-05-15T14:48:17.364+0800","msg":"[gameConfig] load config: avatar success"}
{"level":"INFO","time":"2026-05-15T14:48:17.364+0800","msg":"[gameConfig] load config: exchange success"}
{"level":"INFO","time":"2026-05-15T14:48:17.364+0800","msg":"[gameConfig] load config: productReflect success"}
{"level":"INFO","time":"2026-05-15T14:48:17.364+0800","msg":"[gameConfig] load config: scene success"}
{"level":"INFO","time":"2026-05-15T14:48:17.364+0800","msg":"[gameConfig] load config: constant success"}
{"level":"INFO","time":"2026-05-15T14:48:17.364+0800","msg":"[gameConfig] load config: limitedAdChest success"}
{"level":"INFO","time":"2026-05-15T14:48:17.364+0800","msg":"[gameConfig] load config: sect success"}
{"level":"INFO","time":"2026-05-15T14:48:17.364+0800","msg":"[gameConfig] load config: systemUnlock success"}
{"level":"INFO","time":"2026-05-15T14:48:17.364+0800","msg":"[gameConfig] load config: task success"}
{"level":"INFO","time":"2026-05-15T14:48:17.364+0800","msg":"[gameConfig] load config: accessory success"}
{"level":"INFO","time":"2026-05-15T14:48:17.364+0800","msg":"[gameConfig] load config: adventureProgress success"}
{"level":"INFO","time":"2026-05-15T14:48:17.365+0800","msg":"[gameConfig] load config: dungeon success"}
{"level":"INFO","time":"2026-05-15T14:48:17.365+0800","msg":"[gameConfig] load config: lottery success"}
{"level":"INFO","time":"2026-05-15T14:48:17.365+0800","msg":"[gameConfig] load config: monster success"}
{"level":"INFO","time":"2026-05-15T14:48:17.365+0800","msg":"[gameConfig] load config: role success"}
{"level":"INFO","time":"2026-05-15T14:48:17.368+0800","msg":"[gameConfig] load config: stage success"}
{"level":"INFO","time":"2026-05-15T14:48:17.368+0800","msg":"[gameConfig] load config: stillShop success"}
{"level":"INFO","time":"2026-05-15T14:48:17.368+0800","msg":"[gameConfig] load config: base success"}
{"level":"INFO","time":"2026-05-15T14:48:17.368+0800","msg":"[gameConfig] load config: cityAgeUp success"}
{"level":"INFO","time":"2026-05-15T14:48:17.368+0800","msg":"[gameConfig] load config: daySign success"}
{"level":"INFO","time":"2026-05-15T14:48:17.368+0800","msg":"[gameConfig] load config: guide success"}
{"level":"INFO","time":"2026-05-15T14:48:17.369+0800","msg":"[gameConfig] load config: hero success"}
{"level":"INFO","time":"2026-05-15T14:48:17.369+0800","msg":"[gameConfig] load config: mailSender success"}
{"level":"INFO","time":"2026-05-15T14:48:17.369+0800","msg":"[gameConfig] load config: privilegeReward success"}
{"level":"INFO","time":"2026-05-15T14:48:17.369+0800","msg":"[gameConfig] load config: rank success"}
{"level":"INFO","time":"2026-05-15T14:48:17.369+0800","msg":"[gameConfig] load config: idle success"}
{"level":"INFO","time":"2026-05-15T14:48:17.369+0800","msg":"[gameConfig] load config: dropGroup success"}
{"level":"INFO","time":"2026-05-15T14:48:17.369+0800","msg":"[gameConfig] load config: mailContent success"}
{"level":"INFO","time":"2026-05-15T14:48:17.369+0800","msg":"[gameConfig] load config: pass success"}
{"level":"INFO","time":"2026-05-15T14:48:17.369+0800","msg":"[gameConfig] load config: product success"}
{"level":"INFO","time":"2026-05-15T14:48:17.369+0800","msg":"[gameConfig] load config: unlock success"}
{"level":"INFO","time":"2026-05-15T14:48:17.369+0800","msg":"[gameConfig] load config: vipCard success"}
{"level":"INFO","time":"2026-05-15T14:48:17.369+0800","msg":"[gameConfig] load config: collection success"}
{"level":"INFO","time":"2026-05-15T14:48:17.369+0800","msg":"[gameConfig] load config: compositionType success"}
{"level":"INFO","time":"2026-05-15T14:48:17.369+0800","msg":"[gameConfig] load config: shop success"}
{"level":"INFO","time":"2026-05-15T14:48:17.369+0800","msg":"[gameConfig] load config: trial success"}
{"level":"INFO","time":"2026-05-15T14:48:17.369+0800","msg":"[gameConfig] load config: cityMonster success"}
{"level":"INFO","time":"2026-05-15T14:48:17.369+0800","msg":"[gameConfig] load config: adventure success"}
{"level":"INFO","time":"2026-05-15T14:48:17.369+0800","msg":"[gameConfig] load config: arena success"}
{"level":"INFO","time":"2026-05-15T14:48:17.369+0800","msg":"[gameConfig] load config: combatCoefficient success"}
{"level":"INFO","time":"2026-05-15T14:48:17.369+0800","msg":"[gameConfig] load config: gloryArena success"}
{"level":"INFO","time":"2026-05-15T14:48:17.370+0800","msg":"[gameConfig] load config: item success"}
{"level":"INFO","time":"2026-05-15T14:48:17.370+0800","msg":"[gameConfig] load config: loopBox success"}
{"level":"INFO","time":"2026-05-15T14:48:17.370+0800","msg":"[gameConfig] load config: pet success"}
{"level":"INFO","time":"2026-05-15T14:48:17.370+0800","msg":"[gameConfig] load config: bounty success"}
{"level":"INFO","time":"2026-05-15T14:48:17.370+0800","msg":"[gameConfig] load config: cityDispatch success"}
{"level":"INFO","time":"2026-05-15T14:48:17.371+0800","msg":"[gameConfig] load config: drop success"}
{"level":"INFO","time":"2026-05-15T14:48:17.371+0800","msg":"[gameConfig] load config: equipment success"}
{"level":"INFO","time":"2026-05-15T14:48:17.371+0800","msg":"[gameConfig] load config: instance success"}
{"level":"INFO","time":"2026-05-15T14:48:17.371+0800","msg":"[platform] load all config success !!!"}
{"level":"INFO","time":"2026-05-15T14:48:17.374+0800","msg":"SQL","sql":"SELECT * FROM `server_info`","rows":4,"elapsed":0.0027429,"caller":"E:/dhsServer/server/logic/platform/easyDB/serverEasyDB.go:53"}
{"level":"WARN","time":"2026-05-15T14:48:17.379+0800","msg":"Slow SQL","sql":"SELECT * FROM `announce_info` WHERE end_time > 1778827697374","rows":6,"elapsed":0.0054036,"caller":"E:/dhsServer/server/logic/platform/easyDB/serverEasyDB.go:80"}
{"level":"WARN","time":"2026-05-15T14:48:17.385+0800","msg":"Slow SQL","sql":"SELECT * FROM `account` WHERE `account`.`server_id` = 1","rows":95,"elapsed":0.0059084,"caller":"E:/dhsServer/server/logic/platform/easyDB/easyDB.go:33"}
{"level":"INFO","time":"2026-05-15T14:48:17.392+0800","msg":"SQL","sql":"SELECT * FROM `account` WHERE `account`.`server_id` = 2","rows":86,"elapsed":0.0036331,"caller":"E:/dhsServer/server/logic/platform/easyDB/easyDB.go:33"}
{"level":"INFO","time":"2026-05-15T14:48:17.394+0800","msg":"SQL","sql":"SELECT * FROM `account` WHERE `account`.`server_id` = 3","rows":0,"elapsed":0.0015767,"caller":"E:/dhsServer/server/logic/platform/easyDB/easyDB.go:33"}
{"level":"INFO","time":"2026-05-15T14:48:17.397+0800","msg":"SQL","sql":"SELECT * FROM `account` WHERE `account`.`server_id` = 4","rows":0,"elapsed":0.0021158,"caller":"E:/dhsServer/server/logic/platform/easyDB/easyDB.go:33"}
{"level":"INFO","time":"2026-05-15T14:48:17.399+0800","msg":"[platform] init server info service"}
{"level":"INFO","time":"2026-05-15T14:48:17.447+0800","msg":"[platform] init activity info service"}
{"level":"INFO","time":"2026-05-15T14:48:17.447+0800","msg":"[platform] Boot platform success !!!"}
{"level":"INFO","time":"2026-05-15T14:48:17.447+0800","msg":"[platform] register http message: /manage/login"}
{"level":"INFO","time":"2026-05-15T14:48:17.447+0800","msg":"[platform] register http message: /manage/gmuser"}
{"level":"INFO","time":"2026-05-15T14:48:17.447+0800","msg":"[platform] register http message: /manage/editgmuser"}
{"level":"INFO","time":"2026-05-15T14:48:17.447+0800","msg":"[platform] register http message: /manage/userInfo"}
{"level":"INFO","time":"2026-05-15T14:48:17.447+0800","msg":"[platform] register http message: /manage/getformation"}
{"level":"INFO","time":"2026-05-15T14:48:17.447+0800","msg":"[platform] register http message: /manage/getaccessory"}
{"level":"INFO","time":"2026-05-15T14:48:17.447+0800","msg":"[platform] register http message: /manage/usermail"}
{"level":"INFO","time":"2026-05-15T14:48:17.447+0800","msg":"[platform] register http message: /manage/sendmail"}
{"level":"INFO","time":"2026-05-15T14:48:17.447+0800","msg":"[platform] register http message: /manage/serverlist"}
{"level":"INFO","time":"2026-05-15T14:48:17.447+0800","msg":"[platform] register http message: /manage/editserver"}
{"level":"INFO","time":"2026-05-15T14:48:17.447+0800","msg":"[platform] pprof enabled env:local addr::16001"}
{"level":"INFO","time":"2026-05-15T14:48:17.447+0800","msg":"[platform] register http message: /manage/useritemchg"}
{"level":"INFO","time":"2026-05-15T14:48:17.447+0800","msg":"[platform] register http message: /manage/userorder"}
{"level":"INFO","time":"2026-05-15T14:48:17.447+0800","msg":"[platform] register http message: /manage/getRankList"}
{"level":"INFO","time":"2026-05-15T14:48:17.447+0800","msg":"[platform] register http message: /manage/getRank"}
{"level":"INFO","time":"2026-05-15T14:48:17.447+0800","msg":"[platform] register http message: /manage/gamepubilc"}
{"level":"INFO","time":"2026-05-15T14:48:17.448+0800","msg":"[platform] register http message: /manage/editgamepubilc"}
{"level":"INFO","time":"2026-05-15T14:48:17.448+0800","msg":"[platform] register http message: /manage/getTalk"}
{"level":"INFO","time":"2026-05-15T14:48:17.448+0800","msg":"[platform] register http message: /manage/editclientversion"}
{"level":"INFO","time":"2026-05-15T14:48:17.448+0800","msg":"[platform] register http message: /manage/getclientversion"}
{"level":"INFO","time":"2026-05-15T14:48:17.448+0800","msg":"[platform] register http message: /manage/getuserinventory"}
{"level":"INFO","time":"2026-05-15T14:48:17.448+0800","msg":"[platform] register http message: /manage/getServerActivityConfig"}
{"level":"INFO","time":"2026-05-15T14:48:17.448+0800","msg":"[platform] register http message: /manage/editServerActivityConfig"}
{"level":"INFO","time":"2026-05-15T14:48:17.448+0800","msg":"[platform] register http message: /manage/editBanUser"}
{"level":"INFO","time":"2026-05-15T14:48:17.448+0800","msg":"[platform] register http message: /manage/editMuteUser"}
{"level":"INFO","time":"2026-05-15T14:48:17.448+0800","msg":"[platform] register http message: /manage/getUserLogList"}
{"level":"INFO","time":"2026-05-15T14:48:17.448+0800","msg":"[platform] register http message: /manage/exportPlayer"}
{"level":"INFO","time":"2026-05-15T14:48:17.448+0800","msg":"[platform] register http message: /manage/importPlayer"}
{"level":"INFO","time":"2026-05-15T14:48:17.448+0800","msg":"[platform] register http message: /manage/getThroughput"}
{"level":"INFO","time":"2026-05-15T14:48:17.448+0800","msg":"[platform] start http service"}
{"level":"INFO","time":"2026-05-15T14:56:53.657+0800","msg":"[platform] Init node nodeId:1,nodeType:backend,environment:local,channelId:1"}
{"level":"INFO","time":"2026-05-15T14:56:53.658+0800","msg":"[platform] Boot http platform config:{\n  \"Address\": \":8082\",\n  \"ReadTimeoutMs\": 10000000000,\n  \"WriteTimeoutMs\": 10000000000,\n  \"IdleTimeoutMs\": 10000000000,\n  \"MaxBodySize\": 1048576\n}"}
{"level":"INFO","time":"2026-05-15T14:56:53.658+0800","msg":"[platform] Init server db config:{\n  \"Dsn\": \"root:123456@tcp(127.0.0.1:3306)/server?charset=utf8mb4\\u0026parseTime=True\\u0026loc=Local\",\n  \"MaxIdleConnections\": 10,\n  \"MaxOpenConnections\": 100,\n  \"MaxLifetime\": 10000000000\n}"}
{"level":"INFO","time":"2026-05-15T14:56:53.854+0800","msg":"[platform] Init game db config:{\n  \"Dsn\": \"root:123456@tcp(127.0.0.1:3306)/game?charset=utf8mb4\\u0026parseTime=True\\u0026loc=Local\",\n  \"MaxIdleConnections\": 10,\n  \"MaxOpenConnections\": 100,\n  \"MaxLifetime\": 10000000000\n}"}
{"level":"INFO","time":"2026-05-15T14:56:53.883+0800","msg":"[platform] Init redis db config:{\n  \"Addr\": \"127.0.0.1:6379\",\n  \"DB\": 0,\n  \"PoolSize\": 10,\n  \"Password\": \"\"\n}"}
{"level":"INFO","time":"2026-05-15T14:56:53.885+0800","msg":"[gameConfig] load config: unlock"}
{"level":"INFO","time":"2026-05-15T14:56:53.890+0800","msg":"[gameConfig] load config: act"}
{"level":"INFO","time":"2026-05-15T14:56:53.893+0800","msg":"[gameConfig] load config: base"}
{"level":"INFO","time":"2026-05-15T14:56:53.893+0800","msg":"[gameConfig] load config: loopBox"}
{"level":"INFO","time":"2026-05-15T14:56:53.893+0800","msg":"[gameConfig] load config: product"}
{"level":"INFO","time":"2026-05-15T14:56:53.894+0800","msg":"[gameConfig] load config: scene"}
{"level":"INFO","time":"2026-05-15T14:56:53.894+0800","msg":"[gameConfig] load config: stillShop"}
{"level":"INFO","time":"2026-05-15T14:56:53.899+0800","msg":"[gameConfig] load config: trial"}
{"level":"INFO","time":"2026-05-15T14:56:53.900+0800","msg":"[gameConfig] load config: arena"}
{"level":"INFO","time":"2026-05-15T14:56:53.901+0800","msg":"[gameConfig] load config: equipment"}
{"level":"INFO","time":"2026-05-15T14:56:54.009+0800","msg":"[gameConfig] load config: vipCard"}
{"level":"INFO","time":"2026-05-15T14:56:54.010+0800","msg":"[gameConfig] load config: adventure"}
{"level":"INFO","time":"2026-05-15T14:56:54.010+0800","msg":"[gameConfig] load config: attrBuff"}
{"level":"INFO","time":"2026-05-15T14:56:54.010+0800","msg":"[gameConfig] load config: avatar"}
{"level":"INFO","time":"2026-05-15T14:56:54.014+0800","msg":"[gameConfig] load config: cityMonster"}
{"level":"INFO","time":"2026-05-15T14:56:54.015+0800","msg":"[gameConfig] load config: compositionType"}
{"level":"INFO","time":"2026-05-15T14:56:54.015+0800","msg":"[gameConfig] load config: daySign"}
{"level":"INFO","time":"2026-05-15T14:56:54.015+0800","msg":"[gameConfig] load config: dungeon"}
{"level":"INFO","time":"2026-05-15T14:56:54.025+0800","msg":"[gameConfig] load config: guide"}
{"level":"INFO","time":"2026-05-15T14:56:54.025+0800","msg":"[gameConfig] load config: instance"}
{"level":"INFO","time":"2026-05-15T14:56:54.026+0800","msg":"[gameConfig] load config: monster"}
{"level":"INFO","time":"2026-05-15T14:56:54.146+0800","msg":"[gameConfig] load config: sect"}
{"level":"INFO","time":"2026-05-15T14:56:54.148+0800","msg":"[gameConfig] load config: stage"}
{"level":"INFO","time":"2026-05-15T14:56:54.237+0800","msg":"[gameConfig] load config: bounty"}
{"level":"INFO","time":"2026-05-15T14:56:54.238+0800","msg":"[gameConfig] load config: city"}
{"level":"INFO","time":"2026-05-15T14:56:54.251+0800","msg":"[gameConfig] load config: cityDispatch"}
{"level":"INFO","time":"2026-05-15T14:56:54.252+0800","msg":"[gameConfig] load config: collection"}
{"level":"INFO","time":"2026-05-15T14:56:54.264+0800","msg":"[gameConfig] load config: drop"}
{"level":"INFO","time":"2026-05-15T14:56:54.293+0800","msg":"[gameConfig] load config: dropGroup"}
{"level":"INFO","time":"2026-05-15T14:56:54.296+0800","msg":"[gameConfig] load config: exchange"}
{"level":"INFO","time":"2026-05-15T14:56:54.297+0800","msg":"[gameConfig] load config: item"}
{"level":"INFO","time":"2026-05-15T14:56:54.329+0800","msg":"[gameConfig] load config: adventureProgress"}
{"level":"INFO","time":"2026-05-15T14:56:54.329+0800","msg":"[gameConfig] load config: combatCoefficient"}
{"level":"INFO","time":"2026-05-15T14:56:54.330+0800","msg":"[gameConfig] load config: gloryArena"}
{"level":"INFO","time":"2026-05-15T14:56:54.330+0800","msg":"[gameConfig] load config: idle"}
{"level":"INFO","time":"2026-05-15T14:56:54.330+0800","msg":"[gameConfig] load config: limitedAdChest"}
{"level":"INFO","time":"2026-05-15T14:56:54.331+0800","msg":"[gameConfig] load config: mailContent"}
{"level":"INFO","time":"2026-05-15T14:56:54.332+0800","msg":"[gameConfig] load config: mailSender"}
{"level":"INFO","time":"2026-05-15T14:56:54.332+0800","msg":"[gameConfig] load config: pass"}
{"level":"INFO","time":"2026-05-15T14:56:54.337+0800","msg":"[gameConfig] load config: activity"}
{"level":"INFO","time":"2026-05-15T14:56:54.338+0800","msg":"[gameConfig] load config: constant"}
{"level":"INFO","time":"2026-05-15T14:56:54.339+0800","msg":"[gameConfig] load config: hero"}
{"level":"INFO","time":"2026-05-15T14:56:54.410+0800","msg":"[gameConfig] load config: pet"}
{"level":"INFO","time":"2026-05-15T14:56:54.444+0800","msg":"[gameConfig] load config: privilegeReward"}
{"level":"INFO","time":"2026-05-15T14:56:54.444+0800","msg":"[gameConfig] load config: productReflect"}
{"level":"INFO","time":"2026-05-15T14:56:54.444+0800","msg":"[gameConfig] load config: shop"}
{"level":"INFO","time":"2026-05-15T14:56:54.444+0800","msg":"[gameConfig] load config: task"}
{"level":"INFO","time":"2026-05-15T14:56:54.455+0800","msg":"[gameConfig] load config: accessory"}
{"level":"INFO","time":"2026-05-15T14:56:54.462+0800","msg":"[gameConfig] load config: cityAgeUp"}
{"level":"INFO","time":"2026-05-15T14:56:54.463+0800","msg":"[gameConfig] load config: lottery"}
{"level":"INFO","time":"2026-05-15T14:56:54.464+0800","msg":"[gameConfig] load config: rank"}
{"level":"INFO","time":"2026-05-15T14:56:54.464+0800","msg":"[gameConfig] load config: role"}
{"level":"INFO","time":"2026-05-15T14:56:54.466+0800","msg":"[gameConfig] load config: systemUnlock"}
{"level":"INFO","time":"2026-05-15T14:56:54.467+0800","msg":"[gameConfig] load config: tokenShop"}
{"level":"INFO","time":"2026-05-15T14:56:54.469+0800","msg":"[gameConfig] load config: lottery success"}
{"level":"INFO","time":"2026-05-15T14:56:54.469+0800","msg":"[gameConfig] load config: rank success"}
{"level":"INFO","time":"2026-05-15T14:56:54.469+0800","msg":"[gameConfig] load config: role success"}
{"level":"INFO","time":"2026-05-15T14:56:54.469+0800","msg":"[gameConfig] load config: systemUnlock success"}
{"level":"INFO","time":"2026-05-15T14:56:54.469+0800","msg":"[gameConfig] load config: tokenShop success"}
{"level":"INFO","time":"2026-05-15T14:56:54.469+0800","msg":"[gameConfig] load config: unlock success"}
{"level":"INFO","time":"2026-05-15T14:56:54.469+0800","msg":"[gameConfig] load config: act success"}
{"level":"INFO","time":"2026-05-15T14:56:54.469+0800","msg":"[gameConfig] load config: base success"}
{"level":"INFO","time":"2026-05-15T14:56:54.469+0800","msg":"[gameConfig] load config: loopBox success"}
{"level":"INFO","time":"2026-05-15T14:56:54.470+0800","msg":"[gameConfig] load config: product success"}
{"level":"INFO","time":"2026-05-15T14:56:54.470+0800","msg":"[gameConfig] load config: scene success"}
{"level":"INFO","time":"2026-05-15T14:56:54.470+0800","msg":"[gameConfig] load config: stillShop success"}
{"level":"INFO","time":"2026-05-15T14:56:54.470+0800","msg":"[gameConfig] load config: trial success"}
{"level":"INFO","time":"2026-05-15T14:56:54.470+0800","msg":"[gameConfig] load config: arena success"}
{"level":"INFO","time":"2026-05-15T14:56:54.470+0800","msg":"[gameConfig] load config: equipment success"}
{"level":"INFO","time":"2026-05-15T14:56:54.470+0800","msg":"[gameConfig] load config: vipCard success"}
{"level":"INFO","time":"2026-05-15T14:56:54.470+0800","msg":"[gameConfig] load config: adventure success"}
{"level":"INFO","time":"2026-05-15T14:56:54.470+0800","msg":"[gameConfig] load config: attrBuff success"}
{"level":"INFO","time":"2026-05-15T14:56:54.470+0800","msg":"[gameConfig] load config: avatar success"}
{"level":"INFO","time":"2026-05-15T14:56:54.470+0800","msg":"[gameConfig] load config: cityMonster success"}
{"level":"INFO","time":"2026-05-15T14:56:54.470+0800","msg":"[gameConfig] load config: compositionType success"}
{"level":"INFO","time":"2026-05-15T14:56:54.470+0800","msg":"[gameConfig] load config: daySign success"}
{"level":"INFO","time":"2026-05-15T14:56:54.470+0800","msg":"[gameConfig] load config: dungeon success"}
{"level":"INFO","time":"2026-05-15T14:56:54.470+0800","msg":"[gameConfig] load config: guide success"}
{"level":"INFO","time":"2026-05-15T14:56:54.470+0800","msg":"[gameConfig] load config: instance success"}
{"level":"INFO","time":"2026-05-15T14:56:54.470+0800","msg":"[gameConfig] load config: monster success"}
{"level":"INFO","time":"2026-05-15T14:56:54.470+0800","msg":"[gameConfig] load config: sect success"}
{"level":"INFO","time":"2026-05-15T14:56:54.474+0800","msg":"[gameConfig] load config: stage success"}
{"level":"INFO","time":"2026-05-15T14:56:54.474+0800","msg":"[gameConfig] load config: bounty success"}
{"level":"INFO","time":"2026-05-15T14:56:54.474+0800","msg":"[gameConfig] load config: city success"}
{"level":"INFO","time":"2026-05-15T14:56:54.474+0800","msg":"[gameConfig] load config: cityDispatch success"}
{"level":"INFO","time":"2026-05-15T14:56:54.474+0800","msg":"[gameConfig] load config: collection success"}
{"level":"INFO","time":"2026-05-15T14:56:54.475+0800","msg":"[gameConfig] load config: drop success"}
{"level":"INFO","time":"2026-05-15T14:56:54.476+0800","msg":"[gameConfig] load config: dropGroup success"}
{"level":"INFO","time":"2026-05-15T14:56:54.476+0800","msg":"[gameConfig] load config: exchange success"}
{"level":"INFO","time":"2026-05-15T14:56:54.476+0800","msg":"[gameConfig] load config: item success"}
{"level":"INFO","time":"2026-05-15T14:56:54.476+0800","msg":"[gameConfig] load config: adventureProgress success"}
{"level":"INFO","time":"2026-05-15T14:56:54.476+0800","msg":"[gameConfig] load config: combatCoefficient success"}
{"level":"INFO","time":"2026-05-15T14:56:54.476+0800","msg":"[gameConfig] load config: gloryArena success"}
{"level":"INFO","time":"2026-05-15T14:56:54.476+0800","msg":"[gameConfig] load config: idle success"}
{"level":"INFO","time":"2026-05-15T14:56:54.476+0800","msg":"[gameConfig] load config: limitedAdChest success"}
{"level":"INFO","time":"2026-05-15T14:56:54.476+0800","msg":"[gameConfig] load config: mailContent success"}
{"level":"INFO","time":"2026-05-15T14:56:54.476+0800","msg":"[gameConfig] load config: mailSender success"}
{"level":"INFO","time":"2026-05-15T14:56:54.476+0800","msg":"[gameConfig] load config: pass success"}
{"level":"INFO","time":"2026-05-15T14:56:54.476+0800","msg":"[gameConfig] load config: activity success"}
{"level":"INFO","time":"2026-05-15T14:56:54.476+0800","msg":"[gameConfig] load config: constant success"}
{"level":"INFO","time":"2026-05-15T14:56:54.476+0800","msg":"[gameConfig] load config: hero success"}
{"level":"INFO","time":"2026-05-15T14:56:54.476+0800","msg":"[gameConfig] load config: pet success"}
{"level":"INFO","time":"2026-05-15T14:56:54.476+0800","msg":"[gameConfig] load config: privilegeReward success"}
{"level":"INFO","time":"2026-05-15T14:56:54.476+0800","msg":"[gameConfig] load config: productReflect success"}
{"level":"INFO","time":"2026-05-15T14:56:54.476+0800","msg":"[gameConfig] load config: shop success"}
{"level":"INFO","time":"2026-05-15T14:56:54.476+0800","msg":"[gameConfig] load config: task success"}
{"level":"INFO","time":"2026-05-15T14:56:54.476+0800","msg":"[gameConfig] load config: accessory success"}
{"level":"INFO","time":"2026-05-15T14:56:54.476+0800","msg":"[gameConfig] load config: cityAgeUp success"}
{"level":"INFO","time":"2026-05-15T14:56:54.476+0800","msg":"[platform] load all config success !!!"}
{"level":"INFO","time":"2026-05-15T14:56:54.480+0800","msg":"SQL","sql":"SELECT * FROM `server_info`","rows":4,"elapsed":0.0033634,"caller":"E:/dhsServer/server/logic/platform/easyDB/serverEasyDB.go:53"}
{"level":"INFO","time":"2026-05-15T14:56:54.483+0800","msg":"SQL","sql":"SELECT * FROM `announce_info` WHERE end_time > 1778828214480","rows":6,"elapsed":0.0030368,"caller":"E:/dhsServer/server/logic/platform/easyDB/serverEasyDB.go:80"}
{"level":"INFO","time":"2026-05-15T14:56:54.487+0800","msg":"SQL","sql":"SELECT * FROM `account` WHERE `account`.`server_id` = 1","rows":95,"elapsed":0.0032119,"caller":"E:/dhsServer/server/logic/platform/easyDB/easyDB.go:33"}
{"level":"INFO","time":"2026-05-15T14:56:54.493+0800","msg":"SQL","sql":"SELECT * FROM `account` WHERE `account`.`server_id` = 2","rows":86,"elapsed":0.00381,"caller":"E:/dhsServer/server/logic/platform/easyDB/easyDB.go:33"}
{"level":"INFO","time":"2026-05-15T14:56:54.496+0800","msg":"SQL","sql":"SELECT * FROM `account` WHERE `account`.`server_id` = 3","rows":0,"elapsed":0.0026965,"caller":"E:/dhsServer/server/logic/platform/easyDB/easyDB.go:33"}
{"level":"INFO","time":"2026-05-15T14:56:54.499+0800","msg":"SQL","sql":"SELECT * FROM `account` WHERE `account`.`server_id` = 4","rows":0,"elapsed":0.0020944,"caller":"E:/dhsServer/server/logic/platform/easyDB/easyDB.go:33"}
{"level":"INFO","time":"2026-05-15T14:56:54.501+0800","msg":"[platform] init server info service"}
{"level":"INFO","time":"2026-05-15T14:56:54.562+0800","msg":"[platform] init activity info service"}
{"level":"INFO","time":"2026-05-15T14:56:54.562+0800","msg":"[platform] Boot platform success !!!"}
{"level":"INFO","time":"2026-05-15T14:56:54.562+0800","msg":"[platform] register http message: /manage/login"}
{"level":"INFO","time":"2026-05-15T14:56:54.562+0800","msg":"[platform] register http message: /manage/gmuser"}
{"level":"INFO","time":"2026-05-15T14:56:54.562+0800","msg":"[platform] register http message: /manage/editgmuser"}
{"level":"INFO","time":"2026-05-15T14:56:54.562+0800","msg":"[platform] register http message: /manage/userInfo"}
{"level":"INFO","time":"2026-05-15T14:56:54.562+0800","msg":"[platform] register http message: /manage/getformation"}
{"level":"INFO","time":"2026-05-15T14:56:54.562+0800","msg":"[platform] pprof enabled env:local addr::16001"}
{"level":"INFO","time":"2026-05-15T14:56:54.562+0800","msg":"[platform] register http message: /manage/getaccessory"}
{"level":"INFO","time":"2026-05-15T14:56:54.562+0800","msg":"[platform] register http message: /manage/usermail"}
{"level":"INFO","time":"2026-05-15T14:56:54.562+0800","msg":"[platform] register http message: /manage/sendmail"}
{"level":"INFO","time":"2026-05-15T14:56:54.562+0800","msg":"[platform] register http message: /manage/serverlist"}
{"level":"INFO","time":"2026-05-15T14:56:54.562+0800","msg":"[platform] register http message: /manage/editserver"}
{"level":"INFO","time":"2026-05-15T14:56:54.562+0800","msg":"[platform] register http message: /manage/useritemchg"}
{"level":"INFO","time":"2026-05-15T14:56:54.562+0800","msg":"[platform] register http message: /manage/userorder"}
{"level":"INFO","time":"2026-05-15T14:56:54.562+0800","msg":"[platform] register http message: /manage/getRankList"}
{"level":"INFO","time":"2026-05-15T14:56:54.562+0800","msg":"[platform] register http message: /manage/getRank"}
{"level":"INFO","time":"2026-05-15T14:56:54.562+0800","msg":"[platform] register http message: /manage/gamepubilc"}
{"level":"INFO","time":"2026-05-15T14:56:54.563+0800","msg":"[platform] register http message: /manage/editgamepubilc"}
{"level":"INFO","time":"2026-05-15T14:56:54.563+0800","msg":"[platform] register http message: /manage/getTalk"}
{"level":"INFO","time":"2026-05-15T14:56:54.563+0800","msg":"[platform] register http message: /manage/editclientversion"}
{"level":"INFO","time":"2026-05-15T14:56:54.563+0800","msg":"[platform] register http message: /manage/getclientversion"}
{"level":"INFO","time":"2026-05-15T14:56:54.563+0800","msg":"[platform] register http message: /manage/getuserinventory"}
{"level":"INFO","time":"2026-05-15T14:56:54.563+0800","msg":"[platform] register http message: /manage/getServerActivityConfig"}
{"level":"INFO","time":"2026-05-15T14:56:54.563+0800","msg":"[platform] register http message: /manage/editServerActivityConfig"}
{"level":"INFO","time":"2026-05-15T14:56:54.563+0800","msg":"[platform] register http message: /manage/editBanUser"}
{"level":"INFO","time":"2026-05-15T14:56:54.563+0800","msg":"[platform] register http message: /manage/editMuteUser"}
{"level":"INFO","time":"2026-05-15T14:56:54.563+0800","msg":"[platform] register http message: /manage/getUserLogList"}
{"level":"INFO","time":"2026-05-15T14:56:54.563+0800","msg":"[platform] register http message: /manage/exportPlayer"}
{"level":"INFO","time":"2026-05-15T14:56:54.563+0800","msg":"[platform] register http message: /manage/importPlayer"}
{"level":"INFO","time":"2026-05-15T14:56:54.563+0800","msg":"[platform] register http message: /manage/getThroughput"}
{"level":"INFO","time":"2026-05-15T14:56:54.563+0800","msg":"[platform] start http service"}
{"level":"INFO","time":"2026-05-15T15:11:18.825+0800","msg":"[platform] Init node nodeId:1,nodeType:backend,environment:local,channelId:1"}
{"level":"INFO","time":"2026-05-15T15:11:18.826+0800","msg":"[platform] Boot http platform config:{\n  \"Address\": \":8082\",\n  \"ReadTimeoutMs\": 10000000000,\n  \"WriteTimeoutMs\": 10000000000,\n  \"IdleTimeoutMs\": 10000000000,\n  \"MaxBodySize\": 1048576\n}"}
{"level":"INFO","time":"2026-05-15T15:11:18.826+0800","msg":"[platform] Init server db config:{\n  \"Dsn\": \"root:123456@tcp(127.0.0.1:3306)/server?charset=utf8mb4\\u0026parseTime=True\\u0026loc=Local\",\n  \"MaxIdleConnections\": 10,\n  \"MaxOpenConnections\": 100,\n  \"MaxLifetime\": 10000000000\n}"}
{"level":"INFO","time":"2026-05-15T15:11:18.901+0800","msg":"[platform] Init game db config:{\n  \"Dsn\": \"root:123456@tcp(127.0.0.1:3306)/game?charset=utf8mb4\\u0026parseTime=True\\u0026loc=Local\",\n  \"MaxIdleConnections\": 10,\n  \"MaxOpenConnections\": 100,\n  \"MaxLifetime\": 10000000000\n}"}
{"level":"INFO","time":"2026-05-15T15:11:18.950+0800","msg":"[platform] Init redis db config:{\n  \"Addr\": \"127.0.0.1:6379\",\n  \"DB\": 0,\n  \"PoolSize\": 10,\n  \"Password\": \"\"\n}"}
{"level":"INFO","time":"2026-05-15T15:11:18.956+0800","msg":"[gameConfig] load config: mailSender"}
{"level":"INFO","time":"2026-05-15T15:11:18.956+0800","msg":"[gameConfig] load config: adventureProgress"}
{"level":"INFO","time":"2026-05-15T15:11:18.957+0800","msg":"[gameConfig] load config: arena"}
{"level":"INFO","time":"2026-05-15T15:11:18.963+0800","msg":"[gameConfig] load config: daySign"}
{"level":"INFO","time":"2026-05-15T15:11:18.964+0800","msg":"[gameConfig] load config: hero"}
{"level":"INFO","time":"2026-05-15T15:11:19.036+0800","msg":"[gameConfig] load config: loopBox"}
{"level":"INFO","time":"2026-05-15T15:11:19.036+0800","msg":"[gameConfig] load config: pass"}
{"level":"INFO","time":"2026-05-15T15:11:19.041+0800","msg":"[gameConfig] load config: product"}
{"level":"INFO","time":"2026-05-15T15:11:19.043+0800","msg":"[gameConfig] load config: productReflect"}
{"level":"INFO","time":"2026-05-15T15:11:19.043+0800","msg":"[gameConfig] load config: cityDispatch"}
{"level":"INFO","time":"2026-05-15T15:11:19.043+0800","msg":"[gameConfig] load config: combatCoefficient"}
{"level":"INFO","time":"2026-05-15T15:11:19.045+0800","msg":"[gameConfig] load config: instance"}
{"level":"INFO","time":"2026-05-15T15:11:19.045+0800","msg":"[gameConfig] load config: rank"}
{"level":"INFO","time":"2026-05-15T15:11:19.046+0800","msg":"[gameConfig] load config: tokenShop"}
{"level":"INFO","time":"2026-05-15T15:11:19.047+0800","msg":"[gameConfig] load config: adventure"}
{"level":"INFO","time":"2026-05-15T15:11:19.047+0800","msg":"[gameConfig] load config: city"}
{"level":"INFO","time":"2026-05-15T15:11:19.063+0800","msg":"[gameConfig] load config: privilegeReward"}
{"level":"INFO","time":"2026-05-15T15:11:19.063+0800","msg":"[gameConfig] load config: scene"}
{"level":"INFO","time":"2026-05-15T15:11:19.063+0800","msg":"[gameConfig] load config: trial"}
{"level":"INFO","time":"2026-05-15T15:11:19.064+0800","msg":"[gameConfig] load config: vipCard"}
{"level":"INFO","time":"2026-05-15T15:11:19.064+0800","msg":"[gameConfig] load config: cityAgeUp"}
{"level":"INFO","time":"2026-05-15T15:11:19.065+0800","msg":"[gameConfig] load config: equipment"}
{"level":"INFO","time":"2026-05-15T15:11:19.154+0800","msg":"[gameConfig] load config: gloryArena"}
{"level":"INFO","time":"2026-05-15T15:11:19.155+0800","msg":"[gameConfig] load config: monster"}
{"level":"INFO","time":"2026-05-15T15:11:19.255+0800","msg":"[gameConfig] load config: stage"}
{"level":"INFO","time":"2026-05-15T15:11:19.348+0800","msg":"[gameConfig] load config: stillShop"}
{"level":"INFO","time":"2026-05-15T15:11:19.352+0800","msg":"[gameConfig] load config: task"}
{"level":"INFO","time":"2026-05-15T15:11:19.363+0800","msg":"[gameConfig] load config: unlock"}
{"level":"INFO","time":"2026-05-15T15:11:19.367+0800","msg":"[gameConfig] load config: accessory"}
{"level":"INFO","time":"2026-05-15T15:11:19.371+0800","msg":"[gameConfig] load config: activity"}
{"level":"INFO","time":"2026-05-15T15:11:19.372+0800","msg":"[gameConfig] load config: base"}
{"level":"INFO","time":"2026-05-15T15:11:19.372+0800","msg":"[gameConfig] load config: bounty"}
{"level":"INFO","time":"2026-05-15T15:11:19.373+0800","msg":"[gameConfig] load config: constant"}
{"level":"INFO","time":"2026-05-15T15:11:19.373+0800","msg":"[gameConfig] load config: drop"}
{"level":"INFO","time":"2026-05-15T15:11:19.401+0800","msg":"[gameConfig] load config: item"}
{"level":"INFO","time":"2026-05-15T15:11:19.435+0800","msg":"[gameConfig] load config: mailContent"}
{"level":"INFO","time":"2026-05-15T15:11:19.436+0800","msg":"[gameConfig] load config: cityMonster"}
{"level":"INFO","time":"2026-05-15T15:11:19.437+0800","msg":"[gameConfig] load config: compositionType"}
{"level":"INFO","time":"2026-05-15T15:11:19.437+0800","msg":"[gameConfig] load config: guide"}
{"level":"INFO","time":"2026-05-15T15:11:19.438+0800","msg":"[gameConfig] load config: pet"}
{"level":"INFO","time":"2026-05-15T15:11:19.468+0800","msg":"[gameConfig] load config: role"}
{"level":"INFO","time":"2026-05-15T15:11:19.468+0800","msg":"[gameConfig] load config: shop"}
{"level":"INFO","time":"2026-05-15T15:11:19.468+0800","msg":"[gameConfig] load config: systemUnlock"}
{"level":"INFO","time":"2026-05-15T15:11:19.469+0800","msg":"[gameConfig] load config: collection"}
{"level":"INFO","time":"2026-05-15T15:11:19.479+0800","msg":"[gameConfig] load config: dropGroup"}
{"level":"INFO","time":"2026-05-15T15:11:19.483+0800","msg":"[gameConfig] load config: lottery"}
{"level":"INFO","time":"2026-05-15T15:11:19.483+0800","msg":"[gameConfig] load config: sect"}
{"level":"INFO","time":"2026-05-15T15:11:19.484+0800","msg":"[gameConfig] load config: idle"}
{"level":"INFO","time":"2026-05-15T15:11:19.484+0800","msg":"[gameConfig] load config: act"}
{"level":"INFO","time":"2026-05-15T15:11:19.485+0800","msg":"[gameConfig] load config: attrBuff"}
{"level":"INFO","time":"2026-05-15T15:11:19.486+0800","msg":"[gameConfig] load config: avatar"}
{"level":"INFO","time":"2026-05-15T15:11:19.488+0800","msg":"[gameConfig] load config: dungeon"}
{"level":"INFO","time":"2026-05-15T15:11:19.497+0800","msg":"[gameConfig] load config: exchange"}
{"level":"INFO","time":"2026-05-15T15:11:19.498+0800","msg":"[gameConfig] load config: limitedAdChest"}
{"level":"INFO","time":"2026-05-15T15:11:19.499+0800","msg":"[gameConfig] load config: idle success"}
{"level":"INFO","time":"2026-05-15T15:11:19.499+0800","msg":"[gameConfig] load config: act success"}
{"level":"INFO","time":"2026-05-15T15:11:19.499+0800","msg":"[gameConfig] load config: attrBuff success"}
{"level":"INFO","time":"2026-05-15T15:11:19.499+0800","msg":"[gameConfig] load config: avatar success"}
{"level":"INFO","time":"2026-05-15T15:11:19.499+0800","msg":"[gameConfig] load config: dungeon success"}
{"level":"INFO","time":"2026-05-15T15:11:19.499+0800","msg":"[gameConfig] load config: exchange success"}
{"level":"INFO","time":"2026-05-15T15:11:19.499+0800","msg":"[gameConfig] load config: limitedAdChest success"}
{"level":"INFO","time":"2026-05-15T15:11:19.499+0800","msg":"[gameConfig] load config: mailSender success"}
{"level":"INFO","time":"2026-05-15T15:11:19.499+0800","msg":"[gameConfig] load config: adventureProgress success"}
{"level":"INFO","time":"2026-05-15T15:11:19.499+0800","msg":"[gameConfig] load config: arena success"}
{"level":"INFO","time":"2026-05-15T15:11:19.499+0800","msg":"[gameConfig] load config: daySign success"}
{"level":"INFO","time":"2026-05-15T15:11:19.500+0800","msg":"[gameConfig] load config: hero success"}
{"level":"INFO","time":"2026-05-15T15:11:19.500+0800","msg":"[gameConfig] load config: loopBox success"}
{"level":"INFO","time":"2026-05-15T15:11:19.500+0800","msg":"[gameConfig] load config: pass success"}
{"level":"INFO","time":"2026-05-15T15:11:19.500+0800","msg":"[gameConfig] load config: product success"}
{"level":"INFO","time":"2026-05-15T15:11:19.500+0800","msg":"[gameConfig] load config: productReflect success"}
{"level":"INFO","time":"2026-05-15T15:11:19.500+0800","msg":"[gameConfig] load config: cityDispatch success"}
{"level":"INFO","time":"2026-05-15T15:11:19.500+0800","msg":"[gameConfig] load config: combatCoefficient success"}
{"level":"INFO","time":"2026-05-15T15:11:19.500+0800","msg":"[gameConfig] load config: instance success"}
{"level":"INFO","time":"2026-05-15T15:11:19.500+0800","msg":"[gameConfig] load config: rank success"}
{"level":"INFO","time":"2026-05-15T15:11:19.500+0800","msg":"[gameConfig] load config: tokenShop success"}
{"level":"INFO","time":"2026-05-15T15:11:19.500+0800","msg":"[gameConfig] load config: adventure success"}
{"level":"INFO","time":"2026-05-15T15:11:19.500+0800","msg":"[gameConfig] load config: city success"}
{"level":"INFO","time":"2026-05-15T15:11:19.500+0800","msg":"[gameConfig] load config: privilegeReward success"}
{"level":"INFO","time":"2026-05-15T15:11:19.500+0800","msg":"[gameConfig] load config: scene success"}
{"level":"INFO","time":"2026-05-15T15:11:19.500+0800","msg":"[gameConfig] load config: trial success"}
{"level":"INFO","time":"2026-05-15T15:11:19.500+0800","msg":"[gameConfig] load config: vipCard success"}
{"level":"INFO","time":"2026-05-15T15:11:19.500+0800","msg":"[gameConfig] load config: cityAgeUp success"}
{"level":"INFO","time":"2026-05-15T15:11:19.500+0800","msg":"[gameConfig] load config: equipment success"}
{"level":"INFO","time":"2026-05-15T15:11:19.500+0800","msg":"[gameConfig] load config: gloryArena success"}
{"level":"INFO","time":"2026-05-15T15:11:19.500+0800","msg":"[gameConfig] load config: monster success"}
{"level":"INFO","time":"2026-05-15T15:11:19.502+0800","msg":"[gameConfig] load config: stage success"}
{"level":"INFO","time":"2026-05-15T15:11:19.502+0800","msg":"[gameConfig] load config: stillShop success"}
{"level":"INFO","time":"2026-05-15T15:11:19.502+0800","msg":"[gameConfig] load config: task success"}
{"level":"INFO","time":"2026-05-15T15:11:19.502+0800","msg":"[gameConfig] load config: unlock success"}
{"level":"INFO","time":"2026-05-15T15:11:19.502+0800","msg":"[gameConfig] load config: accessory success"}
{"level":"INFO","time":"2026-05-15T15:11:19.502+0800","msg":"[gameConfig] load config: activity success"}
{"level":"INFO","time":"2026-05-15T15:11:19.502+0800","msg":"[gameConfig] load config: base success"}
{"level":"INFO","time":"2026-05-15T15:11:19.502+0800","msg":"[gameConfig] load config: bounty success"}
{"level":"INFO","time":"2026-05-15T15:11:19.502+0800","msg":"[gameConfig] load config: constant success"}
{"level":"INFO","time":"2026-05-15T15:11:19.503+0800","msg":"[gameConfig] load config: drop success"}
{"level":"INFO","time":"2026-05-15T15:11:19.503+0800","msg":"[gameConfig] load config: item success"}
{"level":"INFO","time":"2026-05-15T15:11:19.503+0800","msg":"[gameConfig] load config: mailContent success"}
{"level":"INFO","time":"2026-05-15T15:11:19.503+0800","msg":"[gameConfig] load config: cityMonster success"}
{"level":"INFO","time":"2026-05-15T15:11:19.503+0800","msg":"[gameConfig] load config: compositionType success"}
{"level":"INFO","time":"2026-05-15T15:11:19.503+0800","msg":"[gameConfig] load config: guide success"}
{"level":"INFO","time":"2026-05-15T15:11:19.503+0800","msg":"[gameConfig] load config: pet success"}
{"level":"INFO","time":"2026-05-15T15:11:19.504+0800","msg":"[gameConfig] load config: role success"}
{"level":"INFO","time":"2026-05-15T15:11:19.504+0800","msg":"[gameConfig] load config: shop success"}
{"level":"INFO","time":"2026-05-15T15:11:19.504+0800","msg":"[gameConfig] load config: systemUnlock success"}
{"level":"INFO","time":"2026-05-15T15:11:19.504+0800","msg":"[gameConfig] load config: collection success"}
{"level":"INFO","time":"2026-05-15T15:11:19.504+0800","msg":"[gameConfig] load config: dropGroup success"}
{"level":"INFO","time":"2026-05-15T15:11:19.504+0800","msg":"[gameConfig] load config: lottery success"}
{"level":"INFO","time":"2026-05-15T15:11:19.504+0800","msg":"[gameConfig] load config: sect success"}
{"level":"INFO","time":"2026-05-15T15:11:19.504+0800","msg":"[platform] load all config success !!!"}
{"level":"INFO","time":"2026-05-15T15:11:19.506+0800","msg":"SQL","sql":"SELECT * FROM `server_info`","rows":4,"elapsed":0.002226,"caller":"E:/dhsServer/server/logic/platform/easyDB/serverEasyDB.go:53"}
{"level":"INFO","time":"2026-05-15T15:11:19.509+0800","msg":"SQL","sql":"SELECT * FROM `announce_info` WHERE end_time > 1778829079506","rows":6,"elapsed":0.0026893,"caller":"E:/dhsServer/server/logic/platform/easyDB/serverEasyDB.go:80"}
{"level":"INFO","time":"2026-05-15T15:11:19.512+0800","msg":"SQL","sql":"SELECT * FROM `account` WHERE `account`.`server_id` = 1","rows":95,"elapsed":0.0025928,"caller":"E:/dhsServer/server/logic/platform/easyDB/easyDB.go:33"}
{"level":"INFO","time":"2026-05-15T15:11:19.516+0800","msg":"SQL","sql":"SELECT * FROM `account` WHERE `account`.`server_id` = 2","rows":86,"elapsed":0.0020754,"caller":"E:/dhsServer/server/logic/platform/easyDB/easyDB.go:33"}
{"level":"INFO","time":"2026-05-15T15:11:19.518+0800","msg":"SQL","sql":"SELECT * FROM `account` WHERE `account`.`server_id` = 3","rows":0,"elapsed":0.001566,"caller":"E:/dhsServer/server/logic/platform/easyDB/easyDB.go:33"}
{"level":"INFO","time":"2026-05-15T15:11:19.520+0800","msg":"SQL","sql":"SELECT * FROM `account` WHERE `account`.`server_id` = 4","rows":0,"elapsed":0.0015615,"caller":"E:/dhsServer/server/logic/platform/easyDB/easyDB.go:33"}
{"level":"INFO","time":"2026-05-15T15:11:19.521+0800","msg":"[platform] init server info service"}
{"level":"INFO","time":"2026-05-15T15:11:19.558+0800","msg":"[platform] init activity info service"}
{"level":"INFO","time":"2026-05-15T15:11:19.558+0800","msg":"[platform] Boot platform success !!!"}
{"level":"INFO","time":"2026-05-15T15:11:19.558+0800","msg":"[platform] register http message: /manage/login"}
{"level":"INFO","time":"2026-05-15T15:11:19.558+0800","msg":"[platform] register http message: /manage/gmuser"}
{"level":"INFO","time":"2026-05-15T15:11:19.558+0800","msg":"[platform] register http message: /manage/editgmuser"}
{"level":"INFO","time":"2026-05-15T15:11:19.558+0800","msg":"[platform] pprof enabled env:local addr::16001"}
{"level":"INFO","time":"2026-05-15T15:11:19.558+0800","msg":"[platform] register http message: /manage/userInfo"}
{"level":"INFO","time":"2026-05-15T15:11:19.558+0800","msg":"[platform] register http message: /manage/getformation"}
{"level":"INFO","time":"2026-05-15T15:11:19.558+0800","msg":"[platform] register http message: /manage/getaccessory"}
{"level":"INFO","time":"2026-05-15T15:11:19.559+0800","msg":"[platform] register http message: /manage/usermail"}
{"level":"INFO","time":"2026-05-15T15:11:19.559+0800","msg":"[platform] register http message: /manage/sendmail"}
{"level":"INFO","time":"2026-05-15T15:11:19.559+0800","msg":"[platform] register http message: /manage/serverlist"}
{"level":"INFO","time":"2026-05-15T15:11:19.559+0800","msg":"[platform] register http message: /manage/editserver"}
{"level":"INFO","time":"2026-05-15T15:11:19.559+0800","msg":"[platform] register http message: /manage/useritemchg"}
{"level":"INFO","time":"2026-05-15T15:11:19.559+0800","msg":"[platform] register http message: /manage/userorder"}
{"level":"INFO","time":"2026-05-15T15:11:19.559+0800","msg":"[platform] register http message: /manage/getRankList"}
{"level":"INFO","time":"2026-05-15T15:11:19.559+0800","msg":"[platform] register http message: /manage/getRank"}
{"level":"INFO","time":"2026-05-15T15:11:19.559+0800","msg":"[platform] register http message: /manage/gamepubilc"}
{"level":"INFO","time":"2026-05-15T15:11:19.559+0800","msg":"[platform] register http message: /manage/editgamepubilc"}
{"level":"INFO","time":"2026-05-15T15:11:19.559+0800","msg":"[platform] register http message: /manage/getTalk"}
{"level":"INFO","time":"2026-05-15T15:11:19.559+0800","msg":"[platform] register http message: /manage/editclientversion"}
{"level":"INFO","time":"2026-05-15T15:11:19.559+0800","msg":"[platform] register http message: /manage/getclientversion"}
{"level":"INFO","time":"2026-05-15T15:11:19.559+0800","msg":"[platform] register http message: /manage/getuserinventory"}
{"level":"INFO","time":"2026-05-15T15:11:19.559+0800","msg":"[platform] register http message: /manage/getServerActivityConfig"}
{"level":"INFO","time":"2026-05-15T15:11:19.559+0800","msg":"[platform] register http message: /manage/editServerActivityConfig"}
{"level":"INFO","time":"2026-05-15T15:11:19.559+0800","msg":"[platform] register http message: /manage/editBanUser"}
{"level":"INFO","time":"2026-05-15T15:11:19.559+0800","msg":"[platform] register http message: /manage/editMuteUser"}
{"level":"INFO","time":"2026-05-15T15:11:19.559+0800","msg":"[platform] register http message: /manage/getUserLogList"}
{"level":"INFO","time":"2026-05-15T15:11:19.559+0800","msg":"[platform] register http message: /manage/exportPlayer"}
{"level":"INFO","time":"2026-05-15T15:11:19.559+0800","msg":"[platform] register http message: /manage/importPlayer"}
{"level":"INFO","time":"2026-05-15T15:11:19.559+0800","msg":"[platform] register http message: /manage/getThroughput"}
{"level":"INFO","time":"2026-05-15T15:11:19.559+0800","msg":"[platform] start http service"}
{"level":"INFO","time":"2026-05-15T15:17:31.560+0800","msg":"[platform] Init node nodeId:1,nodeType:backend,environment:local,channelId:1"}
{"level":"INFO","time":"2026-05-15T15:17:31.560+0800","msg":"[platform] Boot http platform config:{\n  \"Address\": \":8082\",\n  \"ReadTimeoutMs\": 10000000000,\n  \"WriteTimeoutMs\": 10000000000,\n  \"IdleTimeoutMs\": 10000000000,\n  \"MaxBodySize\": 1048576\n}"}
{"level":"INFO","time":"2026-05-15T15:17:31.560+0800","msg":"[platform] Init server db config:{\n  \"Dsn\": \"root:123456@tcp(127.0.0.1:3306)/server?charset=utf8mb4\\u0026parseTime=True\\u0026loc=Local\",\n  \"MaxIdleConnections\": 10,\n  \"MaxOpenConnections\": 100,\n  \"MaxLifetime\": 10000000000\n}"}
{"level":"INFO","time":"2026-05-15T15:17:31.623+0800","msg":"[platform] Init game db config:{\n  \"Dsn\": \"root:123456@tcp(127.0.0.1:3306)/game?charset=utf8mb4\\u0026parseTime=True\\u0026loc=Local\",\n  \"MaxIdleConnections\": 10,\n  \"MaxOpenConnections\": 100,\n  \"MaxLifetime\": 10000000000\n}"}
{"level":"INFO","time":"2026-05-15T15:17:31.662+0800","msg":"[platform] Init redis db config:{\n  \"Addr\": \"127.0.0.1:6379\",\n  \"DB\": 0,\n  \"PoolSize\": 10,\n  \"Password\": \"\"\n}"}
{"level":"INFO","time":"2026-05-15T15:17:31.671+0800","msg":"[gameConfig] load config: equipment"}
{"level":"INFO","time":"2026-05-15T15:17:31.768+0800","msg":"[gameConfig] load config: item"}
{"level":"INFO","time":"2026-05-15T15:17:31.798+0800","msg":"[gameConfig] load config: stage"}
{"level":"INFO","time":"2026-05-15T15:17:31.882+0800","msg":"[gameConfig] load config: activity"}
{"level":"INFO","time":"2026-05-15T15:17:31.883+0800","msg":"[gameConfig] load config: city"}
{"level":"INFO","time":"2026-05-15T15:17:31.896+0800","msg":"[gameConfig] load config: daySign"}
{"level":"INFO","time":"2026-05-15T15:17:31.898+0800","msg":"[gameConfig] load config: dungeon"}
{"level":"INFO","time":"2026-05-15T15:17:31.905+0800","msg":"[gameConfig] load config: exchange"}
{"level":"INFO","time":"2026-05-15T15:17:31.906+0800","msg":"[gameConfig] load config: loopBox"}
{"level":"INFO","time":"2026-05-15T15:17:31.907+0800","msg":"[gameConfig] load config: rank"}
{"level":"INFO","time":"2026-05-15T15:17:31.907+0800","msg":"[gameConfig] load config: task"}
{"level":"INFO","time":"2026-05-15T15:17:31.914+0800","msg":"[gameConfig] load config: product"}
{"level":"INFO","time":"2026-05-15T15:17:31.914+0800","msg":"[gameConfig] load config: sect"}
{"level":"INFO","time":"2026-05-15T15:17:31.915+0800","msg":"[gameConfig] load config: shop"}
{"level":"INFO","time":"2026-05-15T15:17:31.915+0800","msg":"[gameConfig] load config: attrBuff"}
{"level":"INFO","time":"2026-05-15T15:17:31.915+0800","msg":"[gameConfig] load config: constant"}
{"level":"INFO","time":"2026-05-15T15:17:31.916+0800","msg":"[gameConfig] load config: productReflect"}
{"level":"INFO","time":"2026-05-15T15:17:31.916+0800","msg":"[gameConfig] load config: hero"}
{"level":"INFO","time":"2026-05-15T15:17:31.977+0800","msg":"[gameConfig] load config: avatar"}
{"level":"INFO","time":"2026-05-15T15:17:31.980+0800","msg":"[gameConfig] load config: cityMonster"}
{"level":"INFO","time":"2026-05-15T15:17:31.980+0800","msg":"[gameConfig] load config: dropGroup"}
{"level":"INFO","time":"2026-05-15T15:17:31.983+0800","msg":"[gameConfig] load config: limitedAdChest"}
{"level":"INFO","time":"2026-05-15T15:17:31.984+0800","msg":"[gameConfig] load config: mailContent"}
{"level":"INFO","time":"2026-05-15T15:17:31.984+0800","msg":"[gameConfig] load config: privilegeReward"}
{"level":"INFO","time":"2026-05-15T15:17:31.984+0800","msg":"[gameConfig] load config: systemUnlock"}
{"level":"INFO","time":"2026-05-15T15:17:31.984+0800","msg":"[gameConfig] load config: idle"}
{"level":"INFO","time":"2026-05-15T15:17:31.984+0800","msg":"[gameConfig] load config: arena"}
{"level":"INFO","time":"2026-05-15T15:17:31.986+0800","msg":"[gameConfig] load config: compositionType"}
{"level":"INFO","time":"2026-05-15T15:17:31.986+0800","msg":"[gameConfig] load config: drop"}
{"level":"INFO","time":"2026-05-15T15:17:32.008+0800","msg":"[gameConfig] load config: instance"}
{"level":"INFO","time":"2026-05-15T15:17:32.008+0800","msg":"[gameConfig] load config: pass"}
{"level":"INFO","time":"2026-05-15T15:17:32.014+0800","msg":"[gameConfig] load config: role"}
{"level":"INFO","time":"2026-05-15T15:17:32.014+0800","msg":"[gameConfig] load config: vipCard"}
{"level":"INFO","time":"2026-05-15T15:17:32.014+0800","msg":"[gameConfig] load config: act"}
{"level":"INFO","time":"2026-05-15T15:17:32.015+0800","msg":"[gameConfig] load config: bounty"}
{"level":"INFO","time":"2026-05-15T15:17:32.015+0800","msg":"[gameConfig] load config: cityDispatch"}
{"level":"INFO","time":"2026-05-15T15:17:32.015+0800","msg":"[gameConfig] load config: collection"}
{"level":"INFO","time":"2026-05-15T15:17:32.025+0800","msg":"[gameConfig] load config: monster"}
{"level":"INFO","time":"2026-05-15T15:17:32.132+0800","msg":"[gameConfig] load config: pet"}
{"level":"INFO","time":"2026-05-15T15:17:32.159+0800","msg":"[gameConfig] load config: tokenShop"}
{"level":"INFO","time":"2026-05-15T15:17:32.160+0800","msg":"[gameConfig] load config: unlock"}
{"level":"INFO","time":"2026-05-15T15:17:32.163+0800","msg":"[gameConfig] load config: adventureProgress"}
{"level":"INFO","time":"2026-05-15T15:17:32.163+0800","msg":"[gameConfig] load config: base"}
{"level":"INFO","time":"2026-05-15T15:17:32.163+0800","msg":"[gameConfig] load config: guide"}
{"level":"INFO","time":"2026-05-15T15:17:32.164+0800","msg":"[gameConfig] load config: lottery"}
{"level":"INFO","time":"2026-05-15T15:17:32.164+0800","msg":"[gameConfig] load config: mailSender"}
{"level":"INFO","time":"2026-05-15T15:17:32.164+0800","msg":"[gameConfig] load config: scene"}
{"level":"INFO","time":"2026-05-15T15:17:32.164+0800","msg":"[gameConfig] load config: stillShop"}
{"level":"INFO","time":"2026-05-15T15:17:32.166+0800","msg":"[gameConfig] load config: trial"}
{"level":"INFO","time":"2026-05-15T15:17:32.166+0800","msg":"[gameConfig] load config: gloryArena"}
{"level":"INFO","time":"2026-05-15T15:17:32.166+0800","msg":"[gameConfig] load config: accessory"}
{"level":"INFO","time":"2026-05-15T15:17:32.171+0800","msg":"[gameConfig] load config: adventure"}
{"level":"INFO","time":"2026-05-15T15:17:32.171+0800","msg":"[gameConfig] load config: cityAgeUp"}
{"level":"INFO","time":"2026-05-15T15:17:32.171+0800","msg":"[gameConfig] load config: combatCoefficient"}
{"level":"INFO","time":"2026-05-15T15:17:32.171+0800","msg":"[gameConfig] load config: cityMonster success"}
{"level":"INFO","time":"2026-05-15T15:17:32.171+0800","msg":"[gameConfig] load config: dropGroup success"}
{"level":"INFO","time":"2026-05-15T15:17:32.171+0800","msg":"[gameConfig] load config: limitedAdChest success"}
{"level":"INFO","time":"2026-05-15T15:17:32.171+0800","msg":"[gameConfig] load config: mailContent success"}
{"level":"INFO","time":"2026-05-15T15:17:32.171+0800","msg":"[gameConfig] load config: privilegeReward success"}
{"level":"INFO","time":"2026-05-15T15:17:32.171+0800","msg":"[gameConfig] load config: systemUnlock success"}
{"level":"INFO","time":"2026-05-15T15:17:32.171+0800","msg":"[gameConfig] load config: idle success"}
{"level":"INFO","time":"2026-05-15T15:17:32.171+0800","msg":"[gameConfig] load config: arena success"}
{"level":"INFO","time":"2026-05-15T15:17:32.171+0800","msg":"[gameConfig] load config: compositionType success"}
{"level":"INFO","time":"2026-05-15T15:17:32.172+0800","msg":"[gameConfig] load config: drop success"}
{"level":"INFO","time":"2026-05-15T15:17:32.172+0800","msg":"[gameConfig] load config: instance success"}
{"level":"INFO","time":"2026-05-15T15:17:32.172+0800","msg":"[gameConfig] load config: pass success"}
{"level":"INFO","time":"2026-05-15T15:17:32.172+0800","msg":"[gameConfig] load config: role success"}
{"level":"INFO","time":"2026-05-15T15:17:32.172+0800","msg":"[gameConfig] load config: vipCard success"}
{"level":"INFO","time":"2026-05-15T15:17:32.172+0800","msg":"[gameConfig] load config: act success"}
{"level":"INFO","time":"2026-05-15T15:17:32.172+0800","msg":"[gameConfig] load config: bounty success"}
{"level":"INFO","time":"2026-05-15T15:17:32.172+0800","msg":"[gameConfig] load config: cityDispatch success"}
{"level":"INFO","time":"2026-05-15T15:17:32.172+0800","msg":"[gameConfig] load config: collection success"}
{"level":"INFO","time":"2026-05-15T15:17:32.172+0800","msg":"[gameConfig] load config: monster success"}
{"level":"INFO","time":"2026-05-15T15:17:32.174+0800","msg":"[gameConfig] load config: pet success"}
{"level":"INFO","time":"2026-05-15T15:17:32.174+0800","msg":"[gameConfig] load config: tokenShop success"}
{"level":"INFO","time":"2026-05-15T15:17:32.174+0800","msg":"[gameConfig] load config: unlock success"}
{"level":"INFO","time":"2026-05-15T15:17:32.174+0800","msg":"[gameConfig] load config: adventureProgress success"}
{"level":"INFO","time":"2026-05-15T15:17:32.174+0800","msg":"[gameConfig] load config: base success"}
{"level":"INFO","time":"2026-05-15T15:17:32.174+0800","msg":"[gameConfig] load config: guide success"}
{"level":"INFO","time":"2026-05-15T15:17:32.174+0800","msg":"[gameConfig] load config: lottery success"}
{"level":"INFO","time":"2026-05-15T15:17:32.174+0800","msg":"[gameConfig] load config: mailSender success"}
{"level":"INFO","time":"2026-05-15T15:17:32.174+0800","msg":"[gameConfig] load config: scene success"}
{"level":"INFO","time":"2026-05-15T15:17:32.174+0800","msg":"[gameConfig] load config: stillShop success"}
{"level":"INFO","time":"2026-05-15T15:17:32.174+0800","msg":"[gameConfig] load config: trial success"}
{"level":"INFO","time":"2026-05-15T15:17:32.174+0800","msg":"[gameConfig] load config: gloryArena success"}
{"level":"INFO","time":"2026-05-15T15:17:32.174+0800","msg":"[gameConfig] load config: accessory success"}
{"level":"INFO","time":"2026-05-15T15:17:32.174+0800","msg":"[gameConfig] load config: adventure success"}
{"level":"INFO","time":"2026-05-15T15:17:32.174+0800","msg":"[gameConfig] load config: cityAgeUp success"}
{"level":"INFO","time":"2026-05-15T15:17:32.174+0800","msg":"[gameConfig] load config: combatCoefficient success"}
{"level":"INFO","time":"2026-05-15T15:17:32.174+0800","msg":"[gameConfig] load config: equipment success"}
{"level":"INFO","time":"2026-05-15T15:17:32.174+0800","msg":"[gameConfig] load config: item success"}
{"level":"INFO","time":"2026-05-15T15:17:32.176+0800","msg":"[gameConfig] load config: stage success"}
{"level":"INFO","time":"2026-05-15T15:17:32.176+0800","msg":"[gameConfig] load config: activity success"}
{"level":"INFO","time":"2026-05-15T15:17:32.176+0800","msg":"[gameConfig] load config: city success"}
{"level":"INFO","time":"2026-05-15T15:17:32.176+0800","msg":"[gameConfig] load config: daySign success"}
{"level":"INFO","time":"2026-05-15T15:17:32.176+0800","msg":"[gameConfig] load config: dungeon success"}
{"level":"INFO","time":"2026-05-15T15:17:32.176+0800","msg":"[gameConfig] load config: exchange success"}
{"level":"INFO","time":"2026-05-15T15:17:32.176+0800","msg":"[gameConfig] load config: loopBox success"}
{"level":"INFO","time":"2026-05-15T15:17:32.176+0800","msg":"[gameConfig] load config: rank success"}
{"level":"INFO","time":"2026-05-15T15:17:32.176+0800","msg":"[gameConfig] load config: task success"}
{"level":"INFO","time":"2026-05-15T15:17:32.176+0800","msg":"[gameConfig] load config: product success"}
{"level":"INFO","time":"2026-05-15T15:17:32.176+0800","msg":"[gameConfig] load config: sect success"}
{"level":"INFO","time":"2026-05-15T15:17:32.176+0800","msg":"[gameConfig] load config: shop success"}
{"level":"INFO","time":"2026-05-15T15:17:32.176+0800","msg":"[gameConfig] load config: attrBuff success"}
{"level":"INFO","time":"2026-05-15T15:17:32.176+0800","msg":"[gameConfig] load config: constant success"}
{"level":"INFO","time":"2026-05-15T15:17:32.176+0800","msg":"[gameConfig] load config: productReflect success"}
{"level":"INFO","time":"2026-05-15T15:17:32.177+0800","msg":"[gameConfig] load config: hero success"}
{"level":"INFO","time":"2026-05-15T15:17:32.177+0800","msg":"[gameConfig] load config: avatar success"}
{"level":"INFO","time":"2026-05-15T15:17:32.177+0800","msg":"[platform] load all config success !!!"}
{"level":"WARN","time":"2026-05-15T15:17:32.182+0800","msg":"Slow SQL","sql":"SELECT * FROM `server_info`","rows":4,"elapsed":0.0050473,"caller":"E:/dhsServer/server/logic/platform/easyDB/serverEasyDB.go:53"}
{"level":"WARN","time":"2026-05-15T15:17:32.188+0800","msg":"Slow SQL","sql":"SELECT * FROM `announce_info` WHERE end_time > 1778829452182","rows":6,"elapsed":0.0064288,"caller":"E:/dhsServer/server/logic/platform/easyDB/serverEasyDB.go:80"}
{"level":"WARN","time":"2026-05-15T15:17:32.197+0800","msg":"Slow SQL","sql":"SELECT * FROM `account` WHERE `account`.`server_id` = 1","rows":95,"elapsed":0.0088512,"caller":"E:/dhsServer/server/logic/platform/easyDB/easyDB.go:33"}
{"level":"WARN","time":"2026-05-15T15:17:32.213+0800","msg":"Slow SQL","sql":"SELECT * FROM `account` WHERE `account`.`server_id` = 2","rows":86,"elapsed":0.0124386,"caller":"E:/dhsServer/server/logic/platform/easyDB/easyDB.go:33"}
{"level":"WARN","time":"2026-05-15T15:17:32.225+0800","msg":"Slow SQL","sql":"SELECT * FROM `account` WHERE `account`.`server_id` = 3","rows":0,"elapsed":0.0067386,"caller":"E:/dhsServer/server/logic/platform/easyDB/easyDB.go:33"}
{"level":"WARN","time":"2026-05-15T15:17:32.236+0800","msg":"Slow SQL","sql":"SELECT * FROM `account` WHERE `account`.`server_id` = 4","rows":0,"elapsed":0.0053284,"caller":"E:/dhsServer/server/logic/platform/easyDB/easyDB.go:33"}
{"level":"INFO","time":"2026-05-15T15:17:32.244+0800","msg":"[platform] init server info service"}
{"level":"INFO","time":"2026-05-15T15:17:32.512+0800","msg":"[platform] init activity info service"}
{"level":"INFO","time":"2026-05-15T15:17:32.512+0800","msg":"[platform] Boot platform success !!!"}
{"level":"INFO","time":"2026-05-15T15:17:32.512+0800","msg":"[platform] register http message: /manage/login"}
{"level":"INFO","time":"2026-05-15T15:17:32.512+0800","msg":"[platform] register http message: /manage/gmuser"}
{"level":"INFO","time":"2026-05-15T15:17:32.512+0800","msg":"[platform] register http message: /manage/editgmuser"}
{"level":"INFO","time":"2026-05-15T15:17:32.512+0800","msg":"[platform] register http message: /manage/userInfo"}
{"level":"INFO","time":"2026-05-15T15:17:32.512+0800","msg":"[platform] pprof enabled env:local addr::16001"}
{"level":"INFO","time":"2026-05-15T15:17:32.512+0800","msg":"[platform] register http message: /manage/getformation"}
{"level":"INFO","time":"2026-05-15T15:17:32.513+0800","msg":"[platform] register http message: /manage/getaccessory"}
{"level":"INFO","time":"2026-05-15T15:17:32.513+0800","msg":"[platform] register http message: /manage/usermail"}
{"level":"INFO","time":"2026-05-15T15:17:32.513+0800","msg":"[platform] register http message: /manage/sendmail"}
{"level":"INFO","time":"2026-05-15T15:17:32.513+0800","msg":"[platform] register http message: /manage/serverlist"}
{"level":"INFO","time":"2026-05-15T15:17:32.513+0800","msg":"[platform] register http message: /manage/editserver"}
{"level":"INFO","time":"2026-05-15T15:17:32.513+0800","msg":"[platform] register http message: /manage/useritemchg"}
{"level":"INFO","time":"2026-05-15T15:17:32.513+0800","msg":"[platform] register http message: /manage/userorder"}
{"level":"INFO","time":"2026-05-15T15:17:32.513+0800","msg":"[platform] register http message: /manage/getRankList"}
{"level":"INFO","time":"2026-05-15T15:17:32.513+0800","msg":"[platform] register http message: /manage/getRank"}
{"level":"INFO","time":"2026-05-15T15:17:32.513+0800","msg":"[platform] register http message: /manage/gamepubilc"}
{"level":"INFO","time":"2026-05-15T15:17:32.513+0800","msg":"[platform] register http message: /manage/editgamepubilc"}
{"level":"INFO","time":"2026-05-15T15:17:32.513+0800","msg":"[platform] register http message: /manage/getTalk"}
{"level":"INFO","time":"2026-05-15T15:17:32.513+0800","msg":"[platform] register http message: /manage/editclientversion"}
{"level":"INFO","time":"2026-05-15T15:17:32.513+0800","msg":"[platform] register http message: /manage/getclientversion"}
{"level":"INFO","time":"2026-05-15T15:17:32.513+0800","msg":"[platform] register http message: /manage/getuserinventory"}
{"level":"INFO","time":"2026-05-15T15:17:32.514+0800","msg":"[platform] register http message: /manage/getServerActivityConfig"}
{"level":"INFO","time":"2026-05-15T15:17:32.514+0800","msg":"[platform] register http message: /manage/editServerActivityConfig"}
{"level":"INFO","time":"2026-05-15T15:17:32.514+0800","msg":"[platform] register http message: /manage/editBanUser"}
{"level":"INFO","time":"2026-05-15T15:17:32.514+0800","msg":"[platform] register http message: /manage/editMuteUser"}
{"level":"INFO","time":"2026-05-15T15:17:32.514+0800","msg":"[platform] register http message: /manage/getUserLogList"}
{"level":"INFO","time":"2026-05-15T15:17:32.514+0800","msg":"[platform] register http message: /manage/exportPlayer"}
{"level":"INFO","time":"2026-05-15T15:17:32.514+0800","msg":"[platform] register http message: /manage/importPlayer"}
{"level":"INFO","time":"2026-05-15T15:17:32.514+0800","msg":"[platform] register http message: /manage/getThroughput"}
{"level":"INFO","time":"2026-05-15T15:17:32.515+0800","msg":"[platform] start http service"}
{"level":"INFO","time":"2026-05-15T21:01:05.582+0800","msg":"[platform] Init node nodeId:1,nodeType:backend,environment:local,channelId:1"}
{"level":"INFO","time":"2026-05-15T21:01:05.582+0800","msg":"[platform] Boot http platform config:{\n  \"Address\": \":8082\",\n  \"ReadTimeoutMs\": 10000000000,\n  \"WriteTimeoutMs\": 10000000000,\n  \"IdleTimeoutMs\": 10000000000,\n  \"MaxBodySize\": 1048576\n}"}
{"level":"INFO","time":"2026-05-15T21:01:05.582+0800","msg":"[platform] Init server db config:{\n  \"Dsn\": \"root:123456@tcp(127.0.0.1:3306)/server?charset=utf8mb4\\u0026parseTime=True\\u0026loc=Local\",\n  \"MaxIdleConnections\": 10,\n  \"MaxOpenConnections\": 100,\n  \"MaxLifetime\": 10000000000\n}"}
{"level":"INFO","time":"2026-05-15T21:01:05.678+0800","msg":"[platform] Init game db config:{\n  \"Dsn\": \"root:123456@tcp(127.0.0.1:3306)/game?charset=utf8mb4\\u0026parseTime=True\\u0026loc=Local\",\n  \"MaxIdleConnections\": 10,\n  \"MaxOpenConnections\": 100,\n  \"MaxLifetime\": 10000000000\n}"}
{"level":"INFO","time":"2026-05-15T21:01:05.731+0800","msg":"[platform] Init redis db config:{\n  \"Addr\": \"127.0.0.1:6379\",\n  \"DB\": 0,\n  \"PoolSize\": 10,\n  \"Password\": \"\"\n}"}
{"level":"INFO","time":"2026-05-15T21:01:05.739+0800","msg":"[gameConfig] load config: cityMonster"}
{"level":"INFO","time":"2026-05-15T21:01:05.740+0800","msg":"[gameConfig] load config: lottery"}
{"level":"INFO","time":"2026-05-15T21:01:05.740+0800","msg":"[gameConfig] load config: pass"}
{"level":"INFO","time":"2026-05-15T21:01:05.746+0800","msg":"[gameConfig] load config: privilegeReward"}
{"level":"INFO","time":"2026-05-15T21:01:05.746+0800","msg":"[gameConfig] load config: sect"}
{"level":"INFO","time":"2026-05-15T21:01:05.746+0800","msg":"[gameConfig] load config: vipCard"}
{"level":"INFO","time":"2026-05-15T21:01:05.747+0800","msg":"[gameConfig] load config: adventure"}
{"level":"INFO","time":"2026-05-15T21:01:05.747+0800","msg":"[gameConfig] load config: hero"}
{"level":"INFO","time":"2026-05-15T21:01:05.823+0800","msg":"[gameConfig] load config: idle"}
{"level":"INFO","time":"2026-05-15T21:01:05.823+0800","msg":"[gameConfig] load config: stage"}
{"level":"INFO","time":"2026-05-15T21:01:05.914+0800","msg":"[gameConfig] load config: systemUnlock"}
{"level":"INFO","time":"2026-05-15T21:01:05.914+0800","msg":"[gameConfig] load config: task"}
{"level":"INFO","time":"2026-05-15T21:01:05.921+0800","msg":"[gameConfig] load config: trial"}
{"level":"INFO","time":"2026-05-15T21:01:05.922+0800","msg":"[gameConfig] load config: unlock"}
{"level":"INFO","time":"2026-05-15T21:01:05.925+0800","msg":"[gameConfig] load config: gloryArena"}
{"level":"INFO","time":"2026-05-15T21:01:05.925+0800","msg":"[gameConfig] load config: guide"}
{"level":"INFO","time":"2026-05-15T21:01:05.926+0800","msg":"[gameConfig] load config: attrBuff"}
{"level":"INFO","time":"2026-05-15T21:01:05.926+0800","msg":"[gameConfig] load config: city"}
{"level":"INFO","time":"2026-05-15T21:01:05.939+0800","msg":"[gameConfig] load config: compositionType"}
{"level":"INFO","time":"2026-05-15T21:01:05.939+0800","msg":"[gameConfig] load config: drop"}
{"level":"INFO","time":"2026-05-15T21:01:05.961+0800","msg":"[gameConfig] load config: loopBox"}
{"level":"INFO","time":"2026-05-15T21:01:05.961+0800","msg":"[gameConfig] load config: mailSender"}
{"level":"INFO","time":"2026-05-15T21:01:05.961+0800","msg":"[gameConfig] load config: role"}
{"level":"INFO","time":"2026-05-15T21:01:05.962+0800","msg":"[gameConfig] load config: accessory"}
{"level":"INFO","time":"2026-05-15T21:01:05.966+0800","msg":"[gameConfig] load config: collection"}
{"level":"INFO","time":"2026-05-15T21:01:05.976+0800","msg":"[gameConfig] load config: dropGroup"}
{"level":"INFO","time":"2026-05-15T21:01:05.979+0800","msg":"[gameConfig] load config: dungeon"}
{"level":"INFO","time":"2026-05-15T21:01:05.987+0800","msg":"[gameConfig] load config: limitedAdChest"}
{"level":"INFO","time":"2026-05-15T21:01:05.987+0800","msg":"[gameConfig] load config: mailContent"}
{"level":"INFO","time":"2026-05-15T21:01:05.988+0800","msg":"[gameConfig] load config: product"}
{"level":"INFO","time":"2026-05-15T21:01:05.989+0800","msg":"[gameConfig] load config: productReflect"}
{"level":"INFO","time":"2026-05-15T21:01:05.989+0800","msg":"[gameConfig] load config: adventureProgress"}
{"level":"INFO","time":"2026-05-15T21:01:05.989+0800","msg":"[gameConfig] load config: monster"}
{"level":"INFO","time":"2026-05-15T21:01:06.094+0800","msg":"[gameConfig] load config: rank"}
{"level":"INFO","time":"2026-05-15T21:01:06.095+0800","msg":"[gameConfig] load config: shop"}
{"level":"INFO","time":"2026-05-15T21:01:06.095+0800","msg":"[gameConfig] load config: stillShop"}
{"level":"INFO","time":"2026-05-15T21:01:06.098+0800","msg":"[gameConfig] load config: tokenShop"}
{"level":"INFO","time":"2026-05-15T21:01:06.099+0800","msg":"[gameConfig] load config: act"}
{"level":"INFO","time":"2026-05-15T21:01:06.102+0800","msg":"[gameConfig] load config: activity"}
{"level":"INFO","time":"2026-05-15T21:01:06.103+0800","msg":"[gameConfig] load config: arena"}
{"level":"INFO","time":"2026-05-15T21:01:06.105+0800","msg":"[gameConfig] load config: cityAgeUp"}
{"level":"INFO","time":"2026-05-15T21:01:06.106+0800","msg":"[gameConfig] load config: combatCoefficient"}
{"level":"INFO","time":"2026-05-15T21:01:06.106+0800","msg":"[gameConfig] load config: daySign"}
{"level":"INFO","time":"2026-05-15T21:01:06.106+0800","msg":"[gameConfig] load config: exchange"}
{"level":"INFO","time":"2026-05-15T21:01:06.108+0800","msg":"[gameConfig] load config: instance"}
{"level":"INFO","time":"2026-05-15T21:01:06.108+0800","msg":"[gameConfig] load config: equipment"}
{"level":"INFO","time":"2026-05-15T21:01:06.203+0800","msg":"[gameConfig] load config: avatar"}
{"level":"INFO","time":"2026-05-15T21:01:06.205+0800","msg":"[gameConfig] load config: bounty"}
{"level":"INFO","time":"2026-05-15T21:01:06.206+0800","msg":"[gameConfig] load config: cityDispatch"}
{"level":"INFO","time":"2026-05-15T21:01:06.206+0800","msg":"[gameConfig] load config: constant"}
{"level":"INFO","time":"2026-05-15T21:01:06.207+0800","msg":"[gameConfig] load config: item"}
{"level":"INFO","time":"2026-05-15T21:01:06.241+0800","msg":"[gameConfig] load config: pet"}
{"level":"INFO","time":"2026-05-15T21:01:06.267+0800","msg":"[gameConfig] load config: scene"}
{"level":"INFO","time":"2026-05-15T21:01:06.267+0800","msg":"[gameConfig] load config: base"}
{"level":"INFO","time":"2026-05-15T21:01:06.267+0800","msg":"[gameConfig] load config: bounty success"}
{"level":"INFO","time":"2026-05-15T21:01:06.267+0800","msg":"[gameConfig] load config: cityDispatch success"}
{"level":"INFO","time":"2026-05-15T21:01:06.267+0800","msg":"[gameConfig] load config: constant success"}
{"level":"INFO","time":"2026-05-15T21:01:06.267+0800","msg":"[gameConfig] load config: item success"}
{"level":"INFO","time":"2026-05-15T21:01:06.267+0800","msg":"[gameConfig] load config: pet success"}
{"level":"INFO","time":"2026-05-15T21:01:06.268+0800","msg":"[gameConfig] load config: scene success"}
{"level":"INFO","time":"2026-05-15T21:01:06.268+0800","msg":"[gameConfig] load config: base success"}
{"level":"INFO","time":"2026-05-15T21:01:06.268+0800","msg":"[gameConfig] load config: cityMonster success"}
{"level":"INFO","time":"2026-05-15T21:01:06.268+0800","msg":"[gameConfig] load config: lottery success"}
{"level":"INFO","time":"2026-05-15T21:01:06.268+0800","msg":"[gameConfig] load config: pass success"}
{"level":"INFO","time":"2026-05-15T21:01:06.268+0800","msg":"[gameConfig] load config: privilegeReward success"}
{"level":"INFO","time":"2026-05-15T21:01:06.268+0800","msg":"[gameConfig] load config: sect success"}
{"level":"INFO","time":"2026-05-15T21:01:06.268+0800","msg":"[gameConfig] load config: vipCard success"}
{"level":"INFO","time":"2026-05-15T21:01:06.268+0800","msg":"[gameConfig] load config: adventure success"}
{"level":"INFO","time":"2026-05-15T21:01:06.268+0800","msg":"[gameConfig] load config: hero success"}
{"level":"INFO","time":"2026-05-15T21:01:06.268+0800","msg":"[gameConfig] load config: idle success"}
{"level":"INFO","time":"2026-05-15T21:01:06.271+0800","msg":"[gameConfig] load config: stage success"}
{"level":"INFO","time":"2026-05-15T21:01:06.271+0800","msg":"[gameConfig] load config: systemUnlock success"}
{"level":"INFO","time":"2026-05-15T21:01:06.271+0800","msg":"[gameConfig] load config: task success"}
{"level":"INFO","time":"2026-05-15T21:01:06.271+0800","msg":"[gameConfig] load config: trial success"}
{"level":"INFO","time":"2026-05-15T21:01:06.271+0800","msg":"[gameConfig] load config: unlock success"}
{"level":"INFO","time":"2026-05-15T21:01:06.271+0800","msg":"[gameConfig] load config: gloryArena success"}
{"level":"INFO","time":"2026-05-15T21:01:06.271+0800","msg":"[gameConfig] load config: guide success"}
{"level":"INFO","time":"2026-05-15T21:01:06.271+0800","msg":"[gameConfig] load config: attrBuff success"}
{"level":"INFO","time":"2026-05-15T21:01:06.271+0800","msg":"[gameConfig] load config: city success"}
{"level":"INFO","time":"2026-05-15T21:01:06.271+0800","msg":"[gameConfig] load config: compositionType success"}
{"level":"INFO","time":"2026-05-15T21:01:06.272+0800","msg":"[gameConfig] load config: drop success"}
{"level":"INFO","time":"2026-05-15T21:01:06.272+0800","msg":"[gameConfig] load config: loopBox success"}
{"level":"INFO","time":"2026-05-15T21:01:06.272+0800","msg":"[gameConfig] load config: mailSender success"}
{"level":"INFO","time":"2026-05-15T21:01:06.272+0800","msg":"[gameConfig] load config: role success"}
{"level":"INFO","time":"2026-05-15T21:01:06.272+0800","msg":"[gameConfig] load config: accessory success"}
{"level":"INFO","time":"2026-05-15T21:01:06.272+0800","msg":"[gameConfig] load config: collection success"}
{"level":"INFO","time":"2026-05-15T21:01:06.272+0800","msg":"[gameConfig] load config: dropGroup success"}
{"level":"INFO","time":"2026-05-15T21:01:06.272+0800","msg":"[gameConfig] load config: dungeon success"}
{"level":"INFO","time":"2026-05-15T21:01:06.272+0800","msg":"[gameConfig] load config: limitedAdChest success"}
{"level":"INFO","time":"2026-05-15T21:01:06.273+0800","msg":"[gameConfig] load config: mailContent success"}
{"level":"INFO","time":"2026-05-15T21:01:06.273+0800","msg":"[gameConfig] load config: product success"}
{"level":"INFO","time":"2026-05-15T21:01:06.273+0800","msg":"[gameConfig] load config: productReflect success"}
{"level":"INFO","time":"2026-05-15T21:01:06.273+0800","msg":"[gameConfig] load config: adventureProgress success"}
{"level":"INFO","time":"2026-05-15T21:01:06.273+0800","msg":"[gameConfig] load config: monster success"}
{"level":"INFO","time":"2026-05-15T21:01:06.273+0800","msg":"[gameConfig] load config: rank success"}
{"level":"INFO","time":"2026-05-15T21:01:06.273+0800","msg":"[gameConfig] load config: shop success"}
{"level":"INFO","time":"2026-05-15T21:01:06.273+0800","msg":"[gameConfig] load config: stillShop success"}
{"level":"INFO","time":"2026-05-15T21:01:06.273+0800","msg":"[gameConfig] load config: tokenShop success"}
{"level":"INFO","time":"2026-05-15T21:01:06.273+0800","msg":"[gameConfig] load config: act success"}
{"level":"INFO","time":"2026-05-15T21:01:06.273+0800","msg":"[gameConfig] load config: activity success"}
{"level":"INFO","time":"2026-05-15T21:01:06.273+0800","msg":"[gameConfig] load config: arena success"}
{"level":"INFO","time":"2026-05-15T21:01:06.273+0800","msg":"[gameConfig] load config: cityAgeUp success"}
{"level":"INFO","time":"2026-05-15T21:01:06.273+0800","msg":"[gameConfig] load config: combatCoefficient success"}
{"level":"INFO","time":"2026-05-15T21:01:06.273+0800","msg":"[gameConfig] load config: daySign success"}
{"level":"INFO","time":"2026-05-15T21:01:06.273+0800","msg":"[gameConfig] load config: exchange success"}
{"level":"INFO","time":"2026-05-15T21:01:06.273+0800","msg":"[gameConfig] load config: instance success"}
{"level":"INFO","time":"2026-05-15T21:01:06.273+0800","msg":"[gameConfig] load config: equipment success"}
{"level":"INFO","time":"2026-05-15T21:01:06.273+0800","msg":"[gameConfig] load config: avatar success"}
{"level":"INFO","time":"2026-05-15T21:01:06.273+0800","msg":"[platform] load all config success !!!"}
{"level":"WARN","time":"2026-05-15T21:01:06.280+0800","msg":"Slow SQL","sql":"SELECT * FROM `server_info`","rows":4,"elapsed":0.0064527,"caller":"E:/dhsServer/server/logic/platform/easyDB/serverEasyDB.go:53"}
{"level":"WARN","time":"2026-05-15T21:01:06.286+0800","msg":"Slow SQL","sql":"SELECT * FROM `announce_info` WHERE end_time > 1778850066280","rows":6,"elapsed":0.0059342,"caller":"E:/dhsServer/server/logic/platform/easyDB/serverEasyDB.go:80"}
{"level":"WARN","time":"2026-05-15T21:01:06.292+0800","msg":"Slow SQL","sql":"SELECT * FROM `account` WHERE `account`.`server_id` = 1","rows":95,"elapsed":0.0058424,"caller":"E:/dhsServer/server/logic/platform/easyDB/easyDB.go:33"}
{"level":"WARN","time":"2026-05-15T21:01:06.302+0800","msg":"Slow SQL","sql":"SELECT * FROM `account` WHERE `account`.`server_id` = 2","rows":86,"elapsed":0.0064605,"caller":"E:/dhsServer/server/logic/platform/easyDB/easyDB.go:33"}
{"level":"INFO","time":"2026-05-15T21:01:06.307+0800","msg":"SQL","sql":"SELECT * FROM `account` WHERE `account`.`server_id` = 3","rows":0,"elapsed":0.0037135,"caller":"E:/dhsServer/server/logic/platform/easyDB/easyDB.go:33"}
{"level":"INFO","time":"2026-05-15T21:01:06.311+0800","msg":"SQL","sql":"SELECT * FROM `account` WHERE `account`.`server_id` = 4","rows":0,"elapsed":0.0021069,"caller":"E:/dhsServer/server/logic/platform/easyDB/easyDB.go:33"}
{"level":"INFO","time":"2026-05-15T21:01:06.313+0800","msg":"[platform] init server info service"}
{"level":"INFO","time":"2026-05-15T21:01:06.440+0800","msg":"[platform] init activity info service"}
{"level":"INFO","time":"2026-05-15T21:01:06.440+0800","msg":"[platform] Boot platform success !!!"}
{"level":"INFO","time":"2026-05-15T21:01:06.440+0800","msg":"[platform] register http message: /manage/login"}
{"level":"INFO","time":"2026-05-15T21:01:06.440+0800","msg":"[platform] register http message: /manage/gmuser"}
{"level":"INFO","time":"2026-05-15T21:01:06.440+0800","msg":"[platform] register http message: /manage/editgmuser"}
{"level":"INFO","time":"2026-05-15T21:01:06.440+0800","msg":"[platform] register http message: /manage/userInfo"}
{"level":"INFO","time":"2026-05-15T21:01:06.440+0800","msg":"[platform] register http message: /manage/getformation"}
{"level":"INFO","time":"2026-05-15T21:01:06.440+0800","msg":"[platform] register http message: /manage/getaccessory"}
{"level":"INFO","time":"2026-05-15T21:01:06.440+0800","msg":"[platform] pprof enabled env:local addr::16001"}
{"level":"INFO","time":"2026-05-15T21:01:06.440+0800","msg":"[platform] register http message: /manage/usermail"}
{"level":"INFO","time":"2026-05-15T21:01:06.440+0800","msg":"[platform] register http message: /manage/sendmail"}
{"level":"INFO","time":"2026-05-15T21:01:06.440+0800","msg":"[platform] register http message: /manage/serverlist"}
{"level":"INFO","time":"2026-05-15T21:01:06.440+0800","msg":"[platform] register http message: /manage/editserver"}
{"level":"INFO","time":"2026-05-15T21:01:06.440+0800","msg":"[platform] register http message: /manage/useritemchg"}
{"level":"INFO","time":"2026-05-15T21:01:06.440+0800","msg":"[platform] register http message: /manage/userorder"}
{"level":"INFO","time":"2026-05-15T21:01:06.440+0800","msg":"[platform] register http message: /manage/getRankList"}
{"level":"INFO","time":"2026-05-15T21:01:06.440+0800","msg":"[platform] register http message: /manage/getRank"}
{"level":"INFO","time":"2026-05-15T21:01:06.440+0800","msg":"[platform] register http message: /manage/gamepubilc"}
{"level":"INFO","time":"2026-05-15T21:01:06.440+0800","msg":"[platform] register http message: /manage/editgamepubilc"}
{"level":"INFO","time":"2026-05-15T21:01:06.440+0800","msg":"[platform] register http message: /manage/getTalk"}
{"level":"INFO","time":"2026-05-15T21:01:06.440+0800","msg":"[platform] register http message: /manage/editclientversion"}
{"level":"INFO","time":"2026-05-15T21:01:06.440+0800","msg":"[platform] register http message: /manage/getclientversion"}
{"level":"INFO","time":"2026-05-15T21:01:06.440+0800","msg":"[platform] register http message: /manage/getuserinventory"}
{"level":"INFO","time":"2026-05-15T21:01:06.440+0800","msg":"[platform] register http message: /manage/getServerActivityConfig"}
{"level":"INFO","time":"2026-05-15T21:01:06.440+0800","msg":"[platform] register http message: /manage/editServerActivityConfig"}
{"level":"INFO","time":"2026-05-15T21:01:06.440+0800","msg":"[platform] register http message: /manage/editBanUser"}
{"level":"INFO","time":"2026-05-15T21:01:06.440+0800","msg":"[platform] register http message: /manage/editMuteUser"}
{"level":"INFO","time":"2026-05-15T21:01:06.440+0800","msg":"[platform] register http message: /manage/getUserLogList"}
{"level":"INFO","time":"2026-05-15T21:01:06.440+0800","msg":"[platform] register http message: /manage/exportPlayer"}
{"level":"INFO","time":"2026-05-15T21:01:06.440+0800","msg":"[platform] register http message: /manage/importPlayer"}
{"level":"INFO","time":"2026-05-15T21:01:06.440+0800","msg":"[platform] register http message: /manage/getThroughput"}
{"level":"INFO","time":"2026-05-15T21:01:06.440+0800","msg":"[platform] start http service"}
