{"level":"INFO","time":"2026-05-21T00:00:41.932+0800","msg":"[logger] daily rotate success, new date=2026-05-21"}
{"level":"INFO","time":"2026-05-21T11:51:12.810+0800","msg":"[platform] Init node nodeId:1,nodeType:backend,environment:local,channelId:1"}
{"level":"INFO","time":"2026-05-21T11:51:12.811+0800","msg":"[platform] Boot http platform config:{\n  \"Address\": \":8082\",\n  \"ReadTimeoutMs\": 10000000000,\n  \"WriteTimeoutMs\": 10000000000,\n  \"IdleTimeoutMs\": 10000000000,\n  \"MaxBodySize\": 1048576\n}"}
{"level":"INFO","time":"2026-05-21T11:51:12.811+0800","msg":"[platform] Init server db config:{\n  \"Dsn\": \"root:123456@tcp(127.0.0.1:3306)/server?charset=utf8mb4\\u0026parseTime=True\\u0026loc=Local\",\n  \"MaxIdleConnections\": 10,\n  \"MaxOpenConnections\": 100,\n  \"MaxLifetime\": 10000000000\n}"}
{"level":"INFO","time":"2026-05-21T11:51:12.933+0800","msg":"[platform] Init game db config:{\n  \"Dsn\": \"root:123456@tcp(127.0.0.1:3306)/game?charset=utf8mb4\\u0026parseTime=True\\u0026loc=Local\",\n  \"MaxIdleConnections\": 10,\n  \"MaxOpenConnections\": 100,\n  \"MaxLifetime\": 10000000000\n}"}
{"level":"INFO","time":"2026-05-21T11:51:12.972+0800","msg":"[platform] Init redis db config:{\n  \"Addr\": \"127.0.0.1:6379\",\n  \"DB\": 0,\n  \"PoolSize\": 10,\n  \"Password\": \"\"\n}"}
{"level":"INFO","time":"2026-05-21T11:51:12.977+0800","msg":"[gameConfig] load config: adventure"}
{"level":"INFO","time":"2026-05-21T11:51:12.977+0800","msg":"[gameConfig] load config: mailContent"}
{"level":"INFO","time":"2026-05-21T11:51:12.978+0800","msg":"[gameConfig] load config: rank"}
{"level":"INFO","time":"2026-05-21T11:51:12.978+0800","msg":"[gameConfig] load config: cityMonster"}
{"level":"INFO","time":"2026-05-21T11:51:12.978+0800","msg":"[gameConfig] load config: activity"}
{"level":"INFO","time":"2026-05-21T11:51:12.980+0800","msg":"[gameConfig] load config: gloryArena"}
{"level":"INFO","time":"2026-05-21T11:51:12.981+0800","msg":"[gameConfig] load config: privilegeReward"}
{"level":"INFO","time":"2026-05-21T11:51:12.981+0800","msg":"[gameConfig] load config: sect"}
{"level":"INFO","time":"2026-05-21T11:51:12.981+0800","msg":"[gameConfig] load config: task"}
{"level":"INFO","time":"2026-05-21T11:51:12.992+0800","msg":"[gameConfig] load config: unlock"}
{"level":"INFO","time":"2026-05-21T11:51:12.996+0800","msg":"[gameConfig] load config: vipCard"}
{"level":"INFO","time":"2026-05-21T11:51:12.996+0800","msg":"[gameConfig] load config: arena"}
{"level":"INFO","time":"2026-05-21T11:51:12.998+0800","msg":"[gameConfig] load config: avatar"}
{"level":"INFO","time":"2026-05-21T11:51:13.000+0800","msg":"[gameConfig] load config: daySign"}
{"level":"INFO","time":"2026-05-21T11:51:13.000+0800","msg":"[gameConfig] load config: instance"}
{"level":"INFO","time":"2026-05-21T11:51:13.001+0800","msg":"[gameConfig] load config: mailSender"}
{"level":"INFO","time":"2026-05-21T11:51:13.001+0800","msg":"[gameConfig] load config: shop"}
{"level":"INFO","time":"2026-05-21T11:51:13.001+0800","msg":"[gameConfig] load config: adventureProgress"}
{"level":"INFO","time":"2026-05-21T11:51:13.001+0800","msg":"[gameConfig] load config: base"}
{"level":"INFO","time":"2026-05-21T11:51:13.001+0800","msg":"[gameConfig] load config: cityAgeUp"}
{"level":"INFO","time":"2026-05-21T11:51:13.002+0800","msg":"[gameConfig] load config: equipment"}
{"level":"INFO","time":"2026-05-21T11:51:13.116+0800","msg":"[gameConfig] load config: hero"}
{"level":"INFO","time":"2026-05-21T11:51:13.181+0800","msg":"[gameConfig] load config: idle"}
{"level":"INFO","time":"2026-05-21T11:51:13.182+0800","msg":"[gameConfig] load config: monster"}
{"level":"INFO","time":"2026-05-21T11:51:13.294+0800","msg":"[gameConfig] load config: role"}
{"level":"INFO","time":"2026-05-21T11:51:13.295+0800","msg":"[gameConfig] load config: collection"}
{"level":"INFO","time":"2026-05-21T11:51:13.304+0800","msg":"[gameConfig] load config: constant"}
{"level":"INFO","time":"2026-05-21T11:51:13.304+0800","msg":"[gameConfig] load config: dungeon"}
{"level":"INFO","time":"2026-05-21T11:51:13.313+0800","msg":"[gameConfig] load config: exchange"}
{"level":"INFO","time":"2026-05-21T11:51:13.314+0800","msg":"[gameConfig] load config: productReflect"}
{"level":"INFO","time":"2026-05-21T11:51:13.314+0800","msg":"[gameConfig] load config: systemUnlock"}
{"level":"INFO","time":"2026-05-21T11:51:13.315+0800","msg":"[gameConfig] load config: bounty"}
{"level":"INFO","time":"2026-05-21T11:51:13.315+0800","msg":"[gameConfig] load config: combatCoefficient"}
{"level":"INFO","time":"2026-05-21T11:51:13.315+0800","msg":"[gameConfig] load config: guide"}
{"level":"INFO","time":"2026-05-21T11:51:13.316+0800","msg":"[gameConfig] load config: lottery"}
{"level":"INFO","time":"2026-05-21T11:51:13.316+0800","msg":"[gameConfig] load config: pass"}
{"level":"INFO","time":"2026-05-21T11:51:13.321+0800","msg":"[gameConfig] load config: scene"}
{"level":"INFO","time":"2026-05-21T11:51:13.321+0800","msg":"[gameConfig] load config: stage"}
{"level":"INFO","time":"2026-05-21T11:51:13.422+0800","msg":"[gameConfig] load config: act"}
{"level":"INFO","time":"2026-05-21T11:51:13.424+0800","msg":"[gameConfig] load config: attrBuff"}
{"level":"INFO","time":"2026-05-21T11:51:13.425+0800","msg":"[gameConfig] load config: drop"}
{"level":"INFO","time":"2026-05-21T11:51:13.449+0800","msg":"[gameConfig] load config: dropGroup"}
{"level":"INFO","time":"2026-05-21T11:51:13.453+0800","msg":"[gameConfig] load config: item"}
{"level":"INFO","time":"2026-05-21T11:51:13.482+0800","msg":"[gameConfig] load config: pet"}
{"level":"INFO","time":"2026-05-21T11:51:13.511+0800","msg":"[gameConfig] load config: stillShop"}
{"level":"INFO","time":"2026-05-21T11:51:13.516+0800","msg":"[gameConfig] load config: trial"}
{"level":"INFO","time":"2026-05-21T11:51:13.518+0800","msg":"[gameConfig] load config: accessory"}
{"level":"INFO","time":"2026-05-21T11:51:13.524+0800","msg":"[gameConfig] load config: city"}
{"level":"INFO","time":"2026-05-21T11:51:13.538+0800","msg":"[gameConfig] load config: cityDispatch"}
{"level":"INFO","time":"2026-05-21T11:51:13.538+0800","msg":"[gameConfig] load config: compositionType"}
{"level":"INFO","time":"2026-05-21T11:51:13.538+0800","msg":"[gameConfig] load config: limitedAdChest"}
{"level":"INFO","time":"2026-05-21T11:51:13.539+0800","msg":"[gameConfig] load config: loopBox"}
{"level":"INFO","time":"2026-05-21T11:51:13.539+0800","msg":"[gameConfig] load config: product"}
{"level":"INFO","time":"2026-05-21T11:51:13.540+0800","msg":"[gameConfig] load config: tokenShop"}
{"level":"INFO","time":"2026-05-21T11:51:13.541+0800","msg":"[gameConfig] load config: product success"}
{"level":"INFO","time":"2026-05-21T11:51:13.541+0800","msg":"[gameConfig] load config: tokenShop success"}
{"level":"INFO","time":"2026-05-21T11:51:13.541+0800","msg":"[gameConfig] load config: adventure success"}
{"level":"INFO","time":"2026-05-21T11:51:13.541+0800","msg":"[gameConfig] load config: mailContent success"}
{"level":"INFO","time":"2026-05-21T11:51:13.541+0800","msg":"[gameConfig] load config: rank success"}
{"level":"INFO","time":"2026-05-21T11:51:13.541+0800","msg":"[gameConfig] load config: cityMonster success"}
{"level":"INFO","time":"2026-05-21T11:51:13.541+0800","msg":"[gameConfig] load config: activity success"}
{"level":"INFO","time":"2026-05-21T11:51:13.541+0800","msg":"[gameConfig] load config: gloryArena success"}
{"level":"INFO","time":"2026-05-21T11:51:13.541+0800","msg":"[gameConfig] load config: privilegeReward success"}
{"level":"INFO","time":"2026-05-21T11:51:13.541+0800","msg":"[gameConfig] load config: sect success"}
{"level":"INFO","time":"2026-05-21T11:51:13.541+0800","msg":"[gameConfig] load config: task success"}
{"level":"INFO","time":"2026-05-21T11:51:13.541+0800","msg":"[gameConfig] load config: unlock success"}
{"level":"INFO","time":"2026-05-21T11:51:13.541+0800","msg":"[gameConfig] load config: vipCard success"}
{"level":"INFO","time":"2026-05-21T11:51:13.541+0800","msg":"[gameConfig] load config: arena success"}
{"level":"INFO","time":"2026-05-21T11:51:13.541+0800","msg":"[gameConfig] load config: avatar success"}
{"level":"INFO","time":"2026-05-21T11:51:13.541+0800","msg":"[gameConfig] load config: daySign success"}
{"level":"INFO","time":"2026-05-21T11:51:13.541+0800","msg":"[gameConfig] load config: instance success"}
{"level":"INFO","time":"2026-05-21T11:51:13.541+0800","msg":"[gameConfig] load config: mailSender success"}
{"level":"INFO","time":"2026-05-21T11:51:13.541+0800","msg":"[gameConfig] load config: shop success"}
{"level":"INFO","time":"2026-05-21T11:51:13.541+0800","msg":"[gameConfig] load config: adventureProgress success"}
{"level":"INFO","time":"2026-05-21T11:51:13.541+0800","msg":"[gameConfig] load config: base success"}
{"level":"INFO","time":"2026-05-21T11:51:13.541+0800","msg":"[gameConfig] load config: cityAgeUp success"}
{"level":"INFO","time":"2026-05-21T11:51:13.541+0800","msg":"[gameConfig] load config: equipment success"}
{"level":"INFO","time":"2026-05-21T11:51:13.542+0800","msg":"[gameConfig] load config: hero success"}
{"level":"INFO","time":"2026-05-21T11:51:13.542+0800","msg":"[gameConfig] load config: idle success"}
{"level":"INFO","time":"2026-05-21T11:51:13.542+0800","msg":"[gameConfig] load config: monster success"}
{"level":"INFO","time":"2026-05-21T11:51:13.542+0800","msg":"[gameConfig] load config: role success"}
{"level":"INFO","time":"2026-05-21T11:51:13.542+0800","msg":"[gameConfig] load config: collection success"}
{"level":"INFO","time":"2026-05-21T11:51:13.542+0800","msg":"[gameConfig] load config: constant success"}
{"level":"INFO","time":"2026-05-21T11:51:13.542+0800","msg":"[gameConfig] load config: dungeon success"}
{"level":"INFO","time":"2026-05-21T11:51:13.542+0800","msg":"[gameConfig] load config: exchange success"}
{"level":"INFO","time":"2026-05-21T11:51:13.542+0800","msg":"[gameConfig] load config: productReflect success"}
{"level":"INFO","time":"2026-05-21T11:51:13.542+0800","msg":"[gameConfig] load config: systemUnlock success"}
{"level":"INFO","time":"2026-05-21T11:51:13.542+0800","msg":"[gameConfig] load config: bounty success"}
{"level":"INFO","time":"2026-05-21T11:51:13.542+0800","msg":"[gameConfig] load config: combatCoefficient success"}
{"level":"INFO","time":"2026-05-21T11:51:13.542+0800","msg":"[gameConfig] load config: guide success"}
{"level":"INFO","time":"2026-05-21T11:51:13.542+0800","msg":"[gameConfig] load config: lottery success"}
{"level":"INFO","time":"2026-05-21T11:51:13.542+0800","msg":"[gameConfig] load config: pass success"}
{"level":"INFO","time":"2026-05-21T11:51:13.542+0800","msg":"[gameConfig] load config: scene success"}
{"level":"INFO","time":"2026-05-21T11:51:13.545+0800","msg":"[gameConfig] load config: stage success"}
{"level":"INFO","time":"2026-05-21T11:51:13.545+0800","msg":"[gameConfig] load config: act success"}
{"level":"INFO","time":"2026-05-21T11:51:13.545+0800","msg":"[gameConfig] load config: attrBuff success"}
{"level":"INFO","time":"2026-05-21T11:51:13.545+0800","msg":"[gameConfig] load config: drop success"}
{"level":"INFO","time":"2026-05-21T11:51:13.546+0800","msg":"[gameConfig] load config: dropGroup success"}
{"level":"INFO","time":"2026-05-21T11:51:13.546+0800","msg":"[gameConfig] load config: item success"}
{"level":"INFO","time":"2026-05-21T11:51:13.546+0800","msg":"[gameConfig] load config: pet success"}
{"level":"INFO","time":"2026-05-21T11:51:13.546+0800","msg":"[gameConfig] load config: stillShop success"}
{"level":"INFO","time":"2026-05-21T11:51:13.546+0800","msg":"[gameConfig] load config: trial success"}
{"level":"INFO","time":"2026-05-21T11:51:13.546+0800","msg":"[gameConfig] load config: accessory success"}
{"level":"INFO","time":"2026-05-21T11:51:13.546+0800","msg":"[gameConfig] load config: city success"}
{"level":"INFO","time":"2026-05-21T11:51:13.546+0800","msg":"[gameConfig] load config: cityDispatch success"}
{"level":"INFO","time":"2026-05-21T11:51:13.546+0800","msg":"[gameConfig] load config: compositionType success"}
{"level":"INFO","time":"2026-05-21T11:51:13.546+0800","msg":"[gameConfig] load config: limitedAdChest success"}
{"level":"INFO","time":"2026-05-21T11:51:13.546+0800","msg":"[gameConfig] load config: loopBox success"}
{"level":"INFO","time":"2026-05-21T11:51:13.546+0800","msg":"[platform] load all config success !!!"}
{"level":"WARN","time":"2026-05-21T11:51:13.553+0800","msg":"Slow SQL","sql":"SELECT * FROM `server_info`","rows":4,"elapsed":0.0065626,"caller":"E:/dhsServer/server/logic/platform/easyDB/serverEasyDB.go:53"}
{"level":"INFO","time":"2026-05-21T11:51:13.558+0800","msg":"SQL","sql":"SELECT * FROM `announce_info` WHERE end_time > 1779335473553","rows":6,"elapsed":0.0041828,"caller":"E:/dhsServer/server/logic/platform/easyDB/serverEasyDB.go:80"}
{"level":"WARN","time":"2026-05-21T11:51:13.564+0800","msg":"Slow SQL","sql":"SELECT * FROM `account` WHERE `account`.`server_id` = 1","rows":107,"elapsed":0.0062754,"caller":"E:/dhsServer/server/logic/platform/easyDB/easyDB.go:33"}
{"level":"INFO","time":"2026-05-21T11:51:13.570+0800","msg":"SQL","sql":"SELECT * FROM `account` WHERE `account`.`server_id` = 2","rows":103,"elapsed":0.0036559,"caller":"E:/dhsServer/server/logic/platform/easyDB/easyDB.go:33"}
{"level":"INFO","time":"2026-05-21T11:51:13.573+0800","msg":"SQL","sql":"SELECT * FROM `account` WHERE `account`.`server_id` = 3","rows":0,"elapsed":0.0015537,"caller":"E:/dhsServer/server/logic/platform/easyDB/easyDB.go:33"}
{"level":"INFO","time":"2026-05-21T11:51:13.576+0800","msg":"SQL","sql":"SELECT * FROM `account` WHERE `account`.`server_id` = 4","rows":0,"elapsed":0.0020994,"caller":"E:/dhsServer/server/logic/platform/easyDB/easyDB.go:33"}
{"level":"INFO","time":"2026-05-21T11:51:13.577+0800","msg":"[platform] init server info service"}
{"level":"INFO","time":"2026-05-21T11:51:13.619+0800","msg":"[platform] init activity info service"}
{"level":"INFO","time":"2026-05-21T11:51:13.619+0800","msg":"[platform] Boot platform success !!!"}
{"level":"INFO","time":"2026-05-21T11:51:13.619+0800","msg":"[platform] register http message: /manage/login"}
{"level":"INFO","time":"2026-05-21T11:51:13.619+0800","msg":"[platform] register http message: /manage/gmuser"}
{"level":"INFO","time":"2026-05-21T11:51:13.619+0800","msg":"[platform] register http message: /manage/editgmuser"}
{"level":"INFO","time":"2026-05-21T11:51:13.619+0800","msg":"[platform] register http message: /manage/userInfo"}
{"level":"INFO","time":"2026-05-21T11:51:13.619+0800","msg":"[platform] register http message: /manage/getformation"}
{"level":"INFO","time":"2026-05-21T11:51:13.619+0800","msg":"[platform] register http message: /manage/getaccessory"}
{"level":"INFO","time":"2026-05-21T11:51:13.619+0800","msg":"[platform] register http message: /manage/usermail"}
{"level":"INFO","time":"2026-05-21T11:51:13.619+0800","msg":"[platform] register http message: /manage/sendmail"}
{"level":"INFO","time":"2026-05-21T11:51:13.619+0800","msg":"[platform] register http message: /manage/serverlist"}
{"level":"INFO","time":"2026-05-21T11:51:13.619+0800","msg":"[platform] register http message: /manage/editserver"}
{"level":"INFO","time":"2026-05-21T11:51:13.619+0800","msg":"[platform] register http message: /manage/useritemchg"}
{"level":"INFO","time":"2026-05-21T11:51:13.619+0800","msg":"[platform] register http message: /manage/userorder"}
{"level":"INFO","time":"2026-05-21T11:51:13.619+0800","msg":"[platform] register http message: /manage/getRankList"}
{"level":"INFO","time":"2026-05-21T11:51:13.619+0800","msg":"[platform] pprof enabled env:local addr::16001"}
{"level":"INFO","time":"2026-05-21T11:51:13.619+0800","msg":"[platform] register http message: /manage/getRank"}
{"level":"INFO","time":"2026-05-21T11:51:13.619+0800","msg":"[platform] register http message: /manage/gamepubilc"}
{"level":"INFO","time":"2026-05-21T11:51:13.619+0800","msg":"[platform] register http message: /manage/editgamepubilc"}
{"level":"INFO","time":"2026-05-21T11:51:13.619+0800","msg":"[platform] register http message: /manage/getTalk"}
{"level":"INFO","time":"2026-05-21T11:51:13.619+0800","msg":"[platform] register http message: /manage/editclientversion"}
{"level":"INFO","time":"2026-05-21T11:51:13.619+0800","msg":"[platform] register http message: /manage/getclientversion"}
{"level":"INFO","time":"2026-05-21T11:51:13.619+0800","msg":"[platform] register http message: /manage/getuserinventory"}
{"level":"INFO","time":"2026-05-21T11:51:13.619+0800","msg":"[platform] register http message: /manage/getServerActivityConfig"}
{"level":"INFO","time":"2026-05-21T11:51:13.619+0800","msg":"[platform] register http message: /manage/editServerActivityConfig"}
{"level":"INFO","time":"2026-05-21T11:51:13.619+0800","msg":"[platform] register http message: /manage/editBanUser"}
{"level":"INFO","time":"2026-05-21T11:51:13.619+0800","msg":"[platform] register http message: /manage/editMuteUser"}
{"level":"INFO","time":"2026-05-21T11:51:13.619+0800","msg":"[platform] register http message: /manage/getUserLogList"}
{"level":"INFO","time":"2026-05-21T11:51:13.619+0800","msg":"[platform] register http message: /manage/exportPlayer"}
{"level":"INFO","time":"2026-05-21T11:51:13.619+0800","msg":"[platform] register http message: /manage/importPlayer"}
{"level":"INFO","time":"2026-05-21T11:51:13.619+0800","msg":"[platform] register http message: /manage/getThroughput"}
{"level":"INFO","time":"2026-05-21T11:51:13.619+0800","msg":"[platform] start http service"}
{"level":"INFO","time":"2026-05-21T21:03:11.045+0800","msg":"[platform] Init node nodeId:1,nodeType:backend,environment:local,channelId:1"}
{"level":"INFO","time":"2026-05-21T21:03:11.046+0800","msg":"[platform] Boot http platform config:{\n  \"Address\": \":8082\",\n  \"ReadTimeoutMs\": 10000000000,\n  \"WriteTimeoutMs\": 10000000000,\n  \"IdleTimeoutMs\": 10000000000,\n  \"MaxBodySize\": 1048576\n}"}
{"level":"INFO","time":"2026-05-21T21:03:11.046+0800","msg":"[platform] Init server db config:{\n  \"Dsn\": \"root:123456@tcp(127.0.0.1:3306)/server?charset=utf8mb4\\u0026parseTime=True\\u0026loc=Local\",\n  \"MaxIdleConnections\": 10,\n  \"MaxOpenConnections\": 100,\n  \"MaxLifetime\": 10000000000\n}"}
{"level":"INFO","time":"2026-05-21T21:03:11.095+0800","msg":"[platform] Init game db config:{\n  \"Dsn\": \"root:123456@tcp(127.0.0.1:3306)/game?charset=utf8mb4\\u0026parseTime=True\\u0026loc=Local\",\n  \"MaxIdleConnections\": 10,\n  \"MaxOpenConnections\": 100,\n  \"MaxLifetime\": 10000000000\n}"}
{"level":"INFO","time":"2026-05-21T21:03:11.116+0800","msg":"[platform] Init redis db config:{\n  \"Addr\": \"127.0.0.1:6379\",\n  \"DB\": 0,\n  \"PoolSize\": 10,\n  \"Password\": \"\"\n}"}
{"level":"INFO","time":"2026-05-21T21:03:11.119+0800","msg":"[gameConfig] load config: accessory"}
{"level":"INFO","time":"2026-05-21T21:03:11.126+0800","msg":"[gameConfig] load config: arena"}
{"level":"INFO","time":"2026-05-21T21:03:11.127+0800","msg":"[gameConfig] load config: constant"}
{"level":"INFO","time":"2026-05-21T21:03:11.127+0800","msg":"[gameConfig] load config: mailSender"}
{"level":"INFO","time":"2026-05-21T21:03:11.127+0800","msg":"[gameConfig] load config: productReflect"}
{"level":"INFO","time":"2026-05-21T21:03:11.128+0800","msg":"[gameConfig] load config: stage"}
{"level":"INFO","time":"2026-05-21T21:03:11.228+0800","msg":"[gameConfig] load config: systemUnlock"}
{"level":"INFO","time":"2026-05-21T21:03:11.229+0800","msg":"[gameConfig] load config: tokenShop"}
{"level":"INFO","time":"2026-05-21T21:03:11.230+0800","msg":"[gameConfig] load config: adventure"}
{"level":"INFO","time":"2026-05-21T21:03:11.230+0800","msg":"[gameConfig] load config: avatar"}
{"level":"INFO","time":"2026-05-21T21:03:11.232+0800","msg":"[gameConfig] load config: city"}
{"level":"INFO","time":"2026-05-21T21:03:11.249+0800","msg":"[gameConfig] load config: cityAgeUp"}
{"level":"INFO","time":"2026-05-21T21:03:11.250+0800","msg":"[gameConfig] load config: combatCoefficient"}
{"level":"INFO","time":"2026-05-21T21:03:11.251+0800","msg":"[gameConfig] load config: limitedAdChest"}
{"level":"INFO","time":"2026-05-21T21:03:11.252+0800","msg":"[gameConfig] load config: pass"}
{"level":"INFO","time":"2026-05-21T21:03:11.258+0800","msg":"[gameConfig] load config: stillShop"}
{"level":"INFO","time":"2026-05-21T21:03:11.263+0800","msg":"[gameConfig] load config: monster"}
{"level":"INFO","time":"2026-05-21T21:03:11.394+0800","msg":"[gameConfig] load config: gloryArena"}
{"level":"INFO","time":"2026-05-21T21:03:11.394+0800","msg":"[gameConfig] load config: guide"}
{"level":"INFO","time":"2026-05-21T21:03:11.395+0800","msg":"[gameConfig] load config: cityDispatch"}
{"level":"INFO","time":"2026-05-21T21:03:11.395+0800","msg":"[gameConfig] load config: dungeon"}
{"level":"INFO","time":"2026-05-21T21:03:11.409+0800","msg":"[gameConfig] load config: instance"}
{"level":"INFO","time":"2026-05-21T21:03:11.409+0800","msg":"[gameConfig] load config: product"}
{"level":"INFO","time":"2026-05-21T21:03:11.411+0800","msg":"[gameConfig] load config: shop"}
{"level":"INFO","time":"2026-05-21T21:03:11.411+0800","msg":"[gameConfig] load config: trial"}
{"level":"INFO","time":"2026-05-21T21:03:11.412+0800","msg":"[gameConfig] load config: bounty"}
{"level":"INFO","time":"2026-05-21T21:03:11.412+0800","msg":"[gameConfig] load config: dropGroup"}
{"level":"INFO","time":"2026-05-21T21:03:11.417+0800","msg":"[gameConfig] load config: idle"}
{"level":"INFO","time":"2026-05-21T21:03:11.417+0800","msg":"[gameConfig] load config: loopBox"}
{"level":"INFO","time":"2026-05-21T21:03:11.418+0800","msg":"[gameConfig] load config: pet"}
{"level":"INFO","time":"2026-05-21T21:03:11.445+0800","msg":"[gameConfig] load config: scene"}
{"level":"INFO","time":"2026-05-21T21:03:11.445+0800","msg":"[gameConfig] load config: unlock"}
{"level":"INFO","time":"2026-05-21T21:03:11.448+0800","msg":"[gameConfig] load config: compositionType"}
{"level":"INFO","time":"2026-05-21T21:03:11.449+0800","msg":"[gameConfig] load config: exchange"}
{"level":"INFO","time":"2026-05-21T21:03:11.449+0800","msg":"[gameConfig] load config: hero"}
{"level":"INFO","time":"2026-05-21T21:03:11.523+0800","msg":"[gameConfig] load config: sect"}
{"level":"INFO","time":"2026-05-21T21:03:11.523+0800","msg":"[gameConfig] load config: task"}
{"level":"INFO","time":"2026-05-21T21:03:11.537+0800","msg":"[gameConfig] load config: vipCard"}
{"level":"INFO","time":"2026-05-21T21:03:11.538+0800","msg":"[gameConfig] load config: activity"}
{"level":"INFO","time":"2026-05-21T21:03:11.539+0800","msg":"[gameConfig] load config: base"}
{"level":"INFO","time":"2026-05-21T21:03:11.539+0800","msg":"[gameConfig] load config: daySign"}
{"level":"INFO","time":"2026-05-21T21:03:11.539+0800","msg":"[gameConfig] load config: drop"}
{"level":"INFO","time":"2026-05-21T21:03:11.564+0800","msg":"[gameConfig] load config: mailContent"}
{"level":"INFO","time":"2026-05-21T21:03:11.565+0800","msg":"[gameConfig] load config: privilegeReward"}
{"level":"INFO","time":"2026-05-21T21:03:11.565+0800","msg":"[gameConfig] load config: rank"}
{"level":"INFO","time":"2026-05-21T21:03:11.566+0800","msg":"[gameConfig] load config: role"}
{"level":"INFO","time":"2026-05-21T21:03:11.566+0800","msg":"[gameConfig] load config: cityMonster"}
{"level":"INFO","time":"2026-05-21T21:03:11.567+0800","msg":"[gameConfig] load config: act"}
{"level":"INFO","time":"2026-05-21T21:03:11.568+0800","msg":"[gameConfig] load config: adventureProgress"}
{"level":"INFO","time":"2026-05-21T21:03:11.568+0800","msg":"[gameConfig] load config: attrBuff"}
{"level":"INFO","time":"2026-05-21T21:03:11.569+0800","msg":"[gameConfig] load config: collection"}
{"level":"INFO","time":"2026-05-21T21:03:11.580+0800","msg":"[gameConfig] load config: equipment"}
{"level":"INFO","time":"2026-05-21T21:03:11.685+0800","msg":"[gameConfig] load config: item"}
{"level":"INFO","time":"2026-05-21T21:03:11.712+0800","msg":"[gameConfig] load config: lottery"}
{"level":"INFO","time":"2026-05-21T21:03:11.713+0800","msg":"[gameConfig] load config: item success"}
{"level":"INFO","time":"2026-05-21T21:03:11.713+0800","msg":"[gameConfig] load config: lottery success"}
{"level":"INFO","time":"2026-05-21T21:03:11.713+0800","msg":"[gameConfig] load config: accessory success"}
{"level":"INFO","time":"2026-05-21T21:03:11.713+0800","msg":"[gameConfig] load config: arena success"}
{"level":"INFO","time":"2026-05-21T21:03:11.713+0800","msg":"[gameConfig] load config: constant success"}
{"level":"INFO","time":"2026-05-21T21:03:11.713+0800","msg":"[gameConfig] load config: mailSender success"}
{"level":"INFO","time":"2026-05-21T21:03:11.713+0800","msg":"[gameConfig] load config: productReflect success"}
{"level":"INFO","time":"2026-05-21T21:03:11.715+0800","msg":"[gameConfig] load config: stage success"}
{"level":"INFO","time":"2026-05-21T21:03:11.715+0800","msg":"[gameConfig] load config: systemUnlock success"}
{"level":"INFO","time":"2026-05-21T21:03:11.715+0800","msg":"[gameConfig] load config: tokenShop success"}
{"level":"INFO","time":"2026-05-21T21:03:11.715+0800","msg":"[gameConfig] load config: adventure success"}
{"level":"INFO","time":"2026-05-21T21:03:11.715+0800","msg":"[gameConfig] load config: avatar success"}
{"level":"INFO","time":"2026-05-21T21:03:11.716+0800","msg":"[gameConfig] load config: city success"}
{"level":"INFO","time":"2026-05-21T21:03:11.716+0800","msg":"[gameConfig] load config: cityAgeUp success"}
{"level":"INFO","time":"2026-05-21T21:03:11.716+0800","msg":"[gameConfig] load config: combatCoefficient success"}
{"level":"INFO","time":"2026-05-21T21:03:11.716+0800","msg":"[gameConfig] load config: limitedAdChest success"}
{"level":"INFO","time":"2026-05-21T21:03:11.716+0800","msg":"[gameConfig] load config: pass success"}
{"level":"INFO","time":"2026-05-21T21:03:11.716+0800","msg":"[gameConfig] load config: stillShop success"}
{"level":"INFO","time":"2026-05-21T21:03:11.716+0800","msg":"[gameConfig] load config: monster success"}
{"level":"INFO","time":"2026-05-21T21:03:11.716+0800","msg":"[gameConfig] load config: gloryArena success"}
{"level":"INFO","time":"2026-05-21T21:03:11.716+0800","msg":"[gameConfig] load config: guide success"}
{"level":"INFO","time":"2026-05-21T21:03:11.716+0800","msg":"[gameConfig] load config: cityDispatch success"}
{"level":"INFO","time":"2026-05-21T21:03:11.716+0800","msg":"[gameConfig] load config: dungeon success"}
{"level":"INFO","time":"2026-05-21T21:03:11.716+0800","msg":"[gameConfig] load config: instance success"}
{"level":"INFO","time":"2026-05-21T21:03:11.716+0800","msg":"[gameConfig] load config: product success"}
{"level":"INFO","time":"2026-05-21T21:03:11.716+0800","msg":"[gameConfig] load config: shop success"}
{"level":"INFO","time":"2026-05-21T21:03:11.716+0800","msg":"[gameConfig] load config: trial success"}
{"level":"INFO","time":"2026-05-21T21:03:11.716+0800","msg":"[gameConfig] load config: bounty success"}
{"level":"INFO","time":"2026-05-21T21:03:11.716+0800","msg":"[gameConfig] load config: dropGroup success"}
{"level":"INFO","time":"2026-05-21T21:03:11.716+0800","msg":"[gameConfig] load config: idle success"}
{"level":"INFO","time":"2026-05-21T21:03:11.716+0800","msg":"[gameConfig] load config: loopBox success"}
{"level":"INFO","time":"2026-05-21T21:03:11.717+0800","msg":"[gameConfig] load config: pet success"}
{"level":"INFO","time":"2026-05-21T21:03:11.717+0800","msg":"[gameConfig] load config: scene success"}
{"level":"INFO","time":"2026-05-21T21:03:11.717+0800","msg":"[gameConfig] load config: unlock success"}
{"level":"INFO","time":"2026-05-21T21:03:11.717+0800","msg":"[gameConfig] load config: compositionType success"}
{"level":"INFO","time":"2026-05-21T21:03:11.717+0800","msg":"[gameConfig] load config: exchange success"}
{"level":"INFO","time":"2026-05-21T21:03:11.717+0800","msg":"[gameConfig] load config: hero success"}
{"level":"INFO","time":"2026-05-21T21:03:11.717+0800","msg":"[gameConfig] load config: sect success"}
{"level":"INFO","time":"2026-05-21T21:03:11.717+0800","msg":"[gameConfig] load config: task success"}
{"level":"INFO","time":"2026-05-21T21:03:11.717+0800","msg":"[gameConfig] load config: vipCard success"}
{"level":"INFO","time":"2026-05-21T21:03:11.717+0800","msg":"[gameConfig] load config: activity success"}
{"level":"INFO","time":"2026-05-21T21:03:11.717+0800","msg":"[gameConfig] load config: base success"}
{"level":"INFO","time":"2026-05-21T21:03:11.717+0800","msg":"[gameConfig] load config: daySign success"}
{"level":"INFO","time":"2026-05-21T21:03:11.718+0800","msg":"[gameConfig] load config: drop success"}
{"level":"INFO","time":"2026-05-21T21:03:11.718+0800","msg":"[gameConfig] load config: mailContent success"}
{"level":"INFO","time":"2026-05-21T21:03:11.718+0800","msg":"[gameConfig] load config: privilegeReward success"}
{"level":"INFO","time":"2026-05-21T21:03:11.718+0800","msg":"[gameConfig] load config: rank success"}
{"level":"INFO","time":"2026-05-21T21:03:11.718+0800","msg":"[gameConfig] load config: role success"}
{"level":"INFO","time":"2026-05-21T21:03:11.718+0800","msg":"[gameConfig] load config: cityMonster success"}
{"level":"INFO","time":"2026-05-21T21:03:11.718+0800","msg":"[gameConfig] load config: act success"}
{"level":"INFO","time":"2026-05-21T21:03:11.718+0800","msg":"[gameConfig] load config: adventureProgress success"}
{"level":"INFO","time":"2026-05-21T21:03:11.718+0800","msg":"[gameConfig] load config: attrBuff success"}
{"level":"INFO","time":"2026-05-21T21:03:11.718+0800","msg":"[gameConfig] load config: collection success"}
{"level":"INFO","time":"2026-05-21T21:03:11.718+0800","msg":"[gameConfig] load config: equipment success"}
{"level":"INFO","time":"2026-05-21T21:03:11.718+0800","msg":"[platform] load all config success !!!"}
{"level":"INFO","time":"2026-05-21T21:03:11.720+0800","msg":"SQL","sql":"SELECT * FROM `server_info`","rows":4,"elapsed":0.0020699,"caller":"E:/dhsServer/server/logic/platform/easyDB/serverEasyDB.go:53"}
{"level":"INFO","time":"2026-05-21T21:03:11.723+0800","msg":"SQL","sql":"SELECT * FROM `announce_info` WHERE end_time > 1779368591720","rows":6,"elapsed":0.002608,"caller":"E:/dhsServer/server/logic/platform/easyDB/serverEasyDB.go:80"}
{"level":"WARN","time":"2026-05-21T21:03:11.729+0800","msg":"Slow SQL","sql":"SELECT * FROM `account` WHERE `account`.`server_id` = 1","rows":109,"elapsed":0.0062353,"caller":"E:/dhsServer/server/logic/platform/easyDB/easyDB.go:33"}
{"level":"WARN","time":"2026-05-21T21:03:11.736+0800","msg":"Slow SQL","sql":"SELECT * FROM `account` WHERE `account`.`server_id` = 2","rows":103,"elapsed":0.0055796,"caller":"E:/dhsServer/server/logic/platform/easyDB/easyDB.go:33"}
{"level":"INFO","time":"2026-05-21T21:03:11.739+0800","msg":"SQL","sql":"SELECT * FROM `account` WHERE `account`.`server_id` = 3","rows":0,"elapsed":0.0020935,"caller":"E:/dhsServer/server/logic/platform/easyDB/easyDB.go:33"}
{"level":"INFO","time":"2026-05-21T21:03:11.743+0800","msg":"SQL","sql":"SELECT * FROM `account` WHERE `account`.`server_id` = 4","rows":0,"elapsed":0.0026126,"caller":"E:/dhsServer/server/logic/platform/easyDB/easyDB.go:33"}
{"level":"INFO","time":"2026-05-21T21:03:11.744+0800","msg":"[platform] init server info service"}
{"level":"INFO","time":"2026-05-21T21:03:11.782+0800","msg":"[platform] init activity info service"}
{"level":"INFO","time":"2026-05-21T21:03:11.782+0800","msg":"[platform] Boot platform success !!!"}
{"level":"INFO","time":"2026-05-21T21:03:11.782+0800","msg":"[platform] register http message: /manage/login"}
{"level":"INFO","time":"2026-05-21T21:03:11.782+0800","msg":"[platform] register http message: /manage/gmuser"}
{"level":"INFO","time":"2026-05-21T21:03:11.782+0800","msg":"[platform] register http message: /manage/editgmuser"}
{"level":"INFO","time":"2026-05-21T21:03:11.782+0800","msg":"[platform] pprof enabled env:local addr::16001"}
{"level":"INFO","time":"2026-05-21T21:03:11.782+0800","msg":"[platform] register http message: /manage/userInfo"}
{"level":"INFO","time":"2026-05-21T21:03:11.782+0800","msg":"[platform] register http message: /manage/getformation"}
{"level":"INFO","time":"2026-05-21T21:03:11.782+0800","msg":"[platform] register http message: /manage/getaccessory"}
{"level":"INFO","time":"2026-05-21T21:03:11.782+0800","msg":"[platform] register http message: /manage/usermail"}
{"level":"INFO","time":"2026-05-21T21:03:11.782+0800","msg":"[platform] register http message: /manage/sendmail"}
{"level":"INFO","time":"2026-05-21T21:03:11.782+0800","msg":"[platform] register http message: /manage/serverlist"}
{"level":"INFO","time":"2026-05-21T21:03:11.782+0800","msg":"[platform] register http message: /manage/editserver"}
{"level":"INFO","time":"2026-05-21T21:03:11.782+0800","msg":"[platform] register http message: /manage/useritemchg"}
{"level":"INFO","time":"2026-05-21T21:03:11.782+0800","msg":"[platform] register http message: /manage/userorder"}
{"level":"INFO","time":"2026-05-21T21:03:11.782+0800","msg":"[platform] register http message: /manage/getRankList"}
{"level":"INFO","time":"2026-05-21T21:03:11.782+0800","msg":"[platform] register http message: /manage/getRank"}
{"level":"INFO","time":"2026-05-21T21:03:11.782+0800","msg":"[platform] register http message: /manage/gamepubilc"}
{"level":"INFO","time":"2026-05-21T21:03:11.782+0800","msg":"[platform] register http message: /manage/editgamepubilc"}
{"level":"INFO","time":"2026-05-21T21:03:11.782+0800","msg":"[platform] register http message: /manage/getTalk"}
{"level":"INFO","time":"2026-05-21T21:03:11.782+0800","msg":"[platform] register http message: /manage/editclientversion"}
{"level":"INFO","time":"2026-05-21T21:03:11.782+0800","msg":"[platform] register http message: /manage/getclientversion"}
{"level":"INFO","time":"2026-05-21T21:03:11.782+0800","msg":"[platform] register http message: /manage/getuserinventory"}
{"level":"INFO","time":"2026-05-21T21:03:11.782+0800","msg":"[platform] register http message: /manage/getServerActivityConfig"}
{"level":"INFO","time":"2026-05-21T21:03:11.782+0800","msg":"[platform] register http message: /manage/editServerActivityConfig"}
{"level":"INFO","time":"2026-05-21T21:03:11.782+0800","msg":"[platform] register http message: /manage/editBanUser"}
{"level":"INFO","time":"2026-05-21T21:03:11.782+0800","msg":"[platform] register http message: /manage/editMuteUser"}
{"level":"INFO","time":"2026-05-21T21:03:11.782+0800","msg":"[platform] register http message: /manage/getUserLogList"}
{"level":"INFO","time":"2026-05-21T21:03:11.782+0800","msg":"[platform] register http message: /manage/exportPlayer"}
{"level":"INFO","time":"2026-05-21T21:03:11.782+0800","msg":"[platform] register http message: /manage/importPlayer, maxBody=104857600"}
{"level":"INFO","time":"2026-05-21T21:03:11.782+0800","msg":"[platform] register http message: /manage/getThroughput"}
{"level":"INFO","time":"2026-05-21T21:03:11.782+0800","msg":"[platform] start http service"}
